[2022-05-02 22:44:55,499] {taskinstance.py:1032} INFO - Dependencies all met for <TaskInstance: ETL.main scheduled__2022-05-02T18:00:00+00:00 [queued]>
[2022-05-02 22:44:55,548] {taskinstance.py:1032} INFO - Dependencies all met for <TaskInstance: ETL.main scheduled__2022-05-02T18:00:00+00:00 [queued]>
[2022-05-02 22:44:55,550] {taskinstance.py:1238} INFO - 
--------------------------------------------------------------------------------
[2022-05-02 22:44:55,551] {taskinstance.py:1239} INFO - Starting attempt 10 of 11
[2022-05-02 22:44:55,553] {taskinstance.py:1240} INFO - 
--------------------------------------------------------------------------------
[2022-05-02 22:44:55,598] {taskinstance.py:1259} INFO - Executing <Task(PythonOperator): main> on 2022-05-02 18:00:00+00:00
[2022-05-02 22:44:55,609] {standard_task_runner.py:52} INFO - Started process 1784 to run task
[2022-05-02 22:44:55,618] {standard_task_runner.py:76} INFO - Running: ['***', 'tasks', 'run', 'ETL', 'main', 'scheduled__2022-05-02T18:00:00+00:00', '--job-id', '11', '--raw', '--subdir', 'DAGS_FOLDER/ETL.py', '--cfg-path', '/tmp/tmpmt5yr3ml', '--error-file', '/tmp/tmp22ijq0nv']
[2022-05-02 22:44:55,622] {standard_task_runner.py:77} INFO - Job 11: Subtask main
[2022-05-02 22:44:55,764] {logging_mixin.py:109} INFO - Running <TaskInstance: ETL.main scheduled__2022-05-02T18:00:00+00:00 [running]> on host 9f1b8837587a
[2022-05-02 22:44:55,919] {taskinstance.py:1426} INFO - Exporting the following env vars:
AIRFLOW_CTX_DAG_OWNER=***
AIRFLOW_CTX_DAG_ID=ETL
AIRFLOW_CTX_TASK_ID=main
AIRFLOW_CTX_EXECUTION_DATE=2022-05-02T18:00:00+00:00
AIRFLOW_CTX_DAG_RUN_ID=scheduled__2022-05-02T18:00:00+00:00
[2022-05-02 22:44:56,368] {logging_mixin.py:109} INFO - ['BTC/USD', '2022-05-02 22:44:55', 38958]
[2022-05-02 22:44:56,376] {logging_mixin.py:109} INFO - 'etl' exists in the DB!
[2022-05-02 22:44:56,493] {logging_mixin.py:109} INFO -   currency_pair          created_on  current_rate
0       BTC/USD 2022-05-02 22:44:55       38958.0
[2022-05-02 22:44:56,496] {python.py:175} INFO - Done. Returned value was: None
[2022-05-02 22:44:56,529] {taskinstance.py:1277} INFO - Marking task as SUCCESS. dag_id=ETL, task_id=main, execution_date=20220502T180000, start_date=20220502T224455, end_date=20220502T224456
[2022-05-02 22:44:56,610] {local_task_job.py:154} INFO - Task exited with return code 0
[2022-05-02 22:44:56,703] {local_task_job.py:264} INFO - 0 downstream tasks scheduled from follow-on schedule check
