[2022-05-02 22:48:38,057] {taskinstance.py:1032} INFO - Dependencies all met for <TaskInstance: ETL.main scheduled__2022-05-02T18:00:00+00:00 [queued]>
[2022-05-02 22:48:38,097] {taskinstance.py:1032} INFO - Dependencies all met for <TaskInstance: ETL.main scheduled__2022-05-02T18:00:00+00:00 [queued]>
[2022-05-02 22:48:38,098] {taskinstance.py:1238} INFO - 
--------------------------------------------------------------------------------
[2022-05-02 22:48:38,100] {taskinstance.py:1239} INFO - Starting attempt 11 of 12
[2022-05-02 22:48:38,101] {taskinstance.py:1240} INFO - 
--------------------------------------------------------------------------------
[2022-05-02 22:48:38,140] {taskinstance.py:1259} INFO - Executing <Task(PythonOperator): main> on 2022-05-02 18:00:00+00:00
[2022-05-02 22:48:38,150] {standard_task_runner.py:52} INFO - Started process 1993 to run task
[2022-05-02 22:48:38,159] {standard_task_runner.py:76} INFO - Running: ['***', 'tasks', 'run', 'ETL', 'main', 'scheduled__2022-05-02T18:00:00+00:00', '--job-id', '12', '--raw', '--subdir', 'DAGS_FOLDER/ETL.py', '--cfg-path', '/tmp/tmphyqsd2l8', '--error-file', '/tmp/tmpfshk0dxo']
[2022-05-02 22:48:38,162] {standard_task_runner.py:77} INFO - Job 12: Subtask main
[2022-05-02 22:48:38,292] {logging_mixin.py:109} INFO - Running <TaskInstance: ETL.main scheduled__2022-05-02T18:00:00+00:00 [running]> on host 9f1b8837587a
[2022-05-02 22:48:38,425] {taskinstance.py:1426} INFO - Exporting the following env vars:
AIRFLOW_CTX_DAG_OWNER=***
AIRFLOW_CTX_DAG_ID=ETL
AIRFLOW_CTX_TASK_ID=main
AIRFLOW_CTX_EXECUTION_DATE=2022-05-02T18:00:00+00:00
AIRFLOW_CTX_DAG_RUN_ID=scheduled__2022-05-02T18:00:00+00:00
[2022-05-02 22:48:38,780] {logging_mixin.py:109} INFO - ['BTC/USD', '2022-05-02 22:48:38', 38977.85]
[2022-05-02 22:48:38,788] {logging_mixin.py:109} INFO - 'etl' exists in the DB!
[2022-05-02 22:48:38,878] {logging_mixin.py:109} INFO -   currency_pair          created_on  current_rate
0       BTC/USD 2022-05-02 22:44:55      38958.00
1       BTC/USD 2022-05-02 22:48:38      38977.85
[2022-05-02 22:48:38,881] {python.py:175} INFO - Done. Returned value was: None
[2022-05-02 22:48:38,913] {taskinstance.py:1277} INFO - Marking task as SUCCESS. dag_id=ETL, task_id=main, execution_date=20220502T180000, start_date=20220502T224838, end_date=20220502T224838
[2022-05-02 22:48:38,982] {local_task_job.py:154} INFO - Task exited with return code 0
[2022-05-02 22:48:39,075] {local_task_job.py:264} INFO - 0 downstream tasks scheduled from follow-on schedule check
