[2022-05-02 22:55:33,314] {taskinstance.py:1032} INFO - Dependencies all met for <TaskInstance: ETL.main scheduled__2022-05-02T18:00:00+00:00 [queued]>
[2022-05-02 22:55:33,363] {taskinstance.py:1032} INFO - Dependencies all met for <TaskInstance: ETL.main scheduled__2022-05-02T18:00:00+00:00 [queued]>
[2022-05-02 22:55:33,364] {taskinstance.py:1238} INFO - 
--------------------------------------------------------------------------------
[2022-05-02 22:55:33,366] {taskinstance.py:1239} INFO - Starting attempt 13 of 14
[2022-05-02 22:55:33,367] {taskinstance.py:1240} INFO - 
--------------------------------------------------------------------------------
[2022-05-02 22:55:33,415] {taskinstance.py:1259} INFO - Executing <Task(PythonOperator): main> on 2022-05-02 18:00:00+00:00
[2022-05-02 22:55:33,425] {standard_task_runner.py:52} INFO - Started process 2373 to run task
[2022-05-02 22:55:33,435] {standard_task_runner.py:76} INFO - Running: ['***', 'tasks', 'run', 'ETL', 'main', 'scheduled__2022-05-02T18:00:00+00:00', '--job-id', '14', '--raw', '--subdir', 'DAGS_FOLDER/ETL.py', '--cfg-path', '/tmp/tmpum2msfk9', '--error-file', '/tmp/tmpkt94ayhr']
[2022-05-02 22:55:33,438] {standard_task_runner.py:77} INFO - Job 14: Subtask main
[2022-05-02 22:55:33,587] {logging_mixin.py:109} INFO - Running <TaskInstance: ETL.main scheduled__2022-05-02T18:00:00+00:00 [running]> on host 9f1b8837587a
[2022-05-02 22:55:33,735] {taskinstance.py:1426} INFO - Exporting the following env vars:
AIRFLOW_CTX_DAG_OWNER=***
AIRFLOW_CTX_DAG_ID=ETL
AIRFLOW_CTX_TASK_ID=main
AIRFLOW_CTX_EXECUTION_DATE=2022-05-02T18:00:00+00:00
AIRFLOW_CTX_DAG_RUN_ID=scheduled__2022-05-02T18:00:00+00:00
[2022-05-02 22:55:34,152] {logging_mixin.py:109} INFO - ['BTC/USD', '2022-05-02 22:55:33', 38957.7]
[2022-05-02 22:55:34,161] {logging_mixin.py:109} INFO - 'etl' exists in the DB!
[2022-05-02 22:55:34,218] {logging_mixin.py:109} INFO - currency_pair
[2022-05-02 22:55:34,220] {logging_mixin.py:109} INFO - created_on
[2022-05-02 22:55:34,227] {logging_mixin.py:109} INFO - current_rate
[2022-05-02 22:55:34,229] {python.py:175} INFO - Done. Returned value was: None
[2022-05-02 22:55:34,269] {taskinstance.py:1277} INFO - Marking task as SUCCESS. dag_id=ETL, task_id=main, execution_date=20220502T180000, start_date=20220502T225533, end_date=20220502T225534
[2022-05-02 22:55:34,374] {local_task_job.py:154} INFO - Task exited with return code 0
[2022-05-02 22:55:34,473] {local_task_job.py:264} INFO - 0 downstream tasks scheduled from follow-on schedule check
