[2022-05-02 22:57:27,182] {taskinstance.py:1032} INFO - Dependencies all met for <TaskInstance: ETL.main scheduled__2022-05-02T18:00:00+00:00 [queued]>
[2022-05-02 22:57:27,240] {taskinstance.py:1032} INFO - Dependencies all met for <TaskInstance: ETL.main scheduled__2022-05-02T18:00:00+00:00 [queued]>
[2022-05-02 22:57:27,242] {taskinstance.py:1238} INFO - 
--------------------------------------------------------------------------------
[2022-05-02 22:57:27,247] {taskinstance.py:1239} INFO - Starting attempt 14 of 15
[2022-05-02 22:57:27,249] {taskinstance.py:1240} INFO - 
--------------------------------------------------------------------------------
[2022-05-02 22:57:27,316] {taskinstance.py:1259} INFO - Executing <Task(PythonOperator): main> on 2022-05-02 18:00:00+00:00
[2022-05-02 22:57:27,333] {standard_task_runner.py:52} INFO - Started process 2479 to run task
[2022-05-02 22:57:27,343] {standard_task_runner.py:76} INFO - Running: ['***', 'tasks', 'run', 'ETL', 'main', 'scheduled__2022-05-02T18:00:00+00:00', '--job-id', '15', '--raw', '--subdir', 'DAGS_FOLDER/ETL.py', '--cfg-path', '/tmp/tmp2kbhgt59', '--error-file', '/tmp/tmpqer1kp9f']
[2022-05-02 22:57:27,346] {standard_task_runner.py:77} INFO - Job 15: Subtask main
[2022-05-02 22:57:27,486] {logging_mixin.py:109} INFO - Running <TaskInstance: ETL.main scheduled__2022-05-02T18:00:00+00:00 [running]> on host 9f1b8837587a
[2022-05-02 22:57:27,694] {taskinstance.py:1426} INFO - Exporting the following env vars:
AIRFLOW_CTX_DAG_OWNER=***
AIRFLOW_CTX_DAG_ID=ETL
AIRFLOW_CTX_TASK_ID=main
AIRFLOW_CTX_EXECUTION_DATE=2022-05-02T18:00:00+00:00
AIRFLOW_CTX_DAG_RUN_ID=scheduled__2022-05-02T18:00:00+00:00
[2022-05-02 22:57:28,052] {logging_mixin.py:109} INFO - ['BTC/USD', '2022-05-02 22:57:27', 38958]
[2022-05-02 22:57:28,060] {logging_mixin.py:109} INFO - 'etl' exists in the DB!
[2022-05-02 22:57:28,112] {logging_mixin.py:109} INFO - currency_pair
[2022-05-02 22:57:28,114] {logging_mixin.py:109} INFO - created_on
[2022-05-02 22:57:28,116] {logging_mixin.py:109} INFO - current_rate
[2022-05-02 22:57:28,118] {python.py:175} INFO - Done. Returned value was: None
[2022-05-02 22:57:28,152] {taskinstance.py:1277} INFO - Marking task as SUCCESS. dag_id=ETL, task_id=main, execution_date=20220502T180000, start_date=20220502T225727, end_date=20220502T225728
[2022-05-02 22:57:28,245] {local_task_job.py:154} INFO - Task exited with return code 0
[2022-05-02 22:57:28,337] {local_task_job.py:264} INFO - 0 downstream tasks scheduled from follow-on schedule check
