[2022-05-02 23:02:41,046] {taskinstance.py:1032} INFO - Dependencies all met for <TaskInstance: ETL.main scheduled__2022-05-02T18:00:00+00:00 [queued]>
[2022-05-02 23:02:41,087] {taskinstance.py:1032} INFO - Dependencies all met for <TaskInstance: ETL.main scheduled__2022-05-02T18:00:00+00:00 [queued]>
[2022-05-02 23:02:41,089] {taskinstance.py:1238} INFO - 
--------------------------------------------------------------------------------
[2022-05-02 23:02:41,090] {taskinstance.py:1239} INFO - Starting attempt 16 of 17
[2022-05-02 23:02:41,091] {taskinstance.py:1240} INFO - 
--------------------------------------------------------------------------------
[2022-05-02 23:02:41,133] {taskinstance.py:1259} INFO - Executing <Task(PythonOperator): main> on 2022-05-02 18:00:00+00:00
[2022-05-02 23:02:41,143] {standard_task_runner.py:52} INFO - Started process 2752 to run task
[2022-05-02 23:02:41,153] {standard_task_runner.py:76} INFO - Running: ['***', 'tasks', 'run', 'ETL', 'main', 'scheduled__2022-05-02T18:00:00+00:00', '--job-id', '17', '--raw', '--subdir', 'DAGS_FOLDER/ETL.py', '--cfg-path', '/tmp/tmplakol04k', '--error-file', '/tmp/tmpl9xo7k9m']
[2022-05-02 23:02:41,156] {standard_task_runner.py:77} INFO - Job 17: Subtask main
[2022-05-02 23:02:41,287] {logging_mixin.py:109} INFO - Running <TaskInstance: ETL.main scheduled__2022-05-02T18:00:00+00:00 [running]> on host 9f1b8837587a
[2022-05-02 23:02:41,420] {taskinstance.py:1426} INFO - Exporting the following env vars:
AIRFLOW_CTX_DAG_OWNER=***
AIRFLOW_CTX_DAG_ID=ETL
AIRFLOW_CTX_TASK_ID=main
AIRFLOW_CTX_EXECUTION_DATE=2022-05-02T18:00:00+00:00
AIRFLOW_CTX_DAG_RUN_ID=scheduled__2022-05-02T18:00:00+00:00
[2022-05-02 23:02:41,763] {logging_mixin.py:109} INFO - ['BTC/USD', '2022-05-02 23:02:41', 38957.7]
[2022-05-02 23:02:41,771] {logging_mixin.py:109} INFO - 'etl' exists in the DB!
[2022-05-02 23:02:41,871] {logging_mixin.py:109} INFO - DATASET:
  currency_pair          created_on  current_rate
2       BTC/USD 2022-05-02 22:50:03      38977.85
3       BTC/USD 2022-05-02 22:55:33      38957.70
4       BTC/USD 2022-05-02 22:57:27      38958.00
5       BTC/USD 2022-05-02 23:01:30      38957.70
6       BTC/USD 2022-05-02 23:02:41      38957.70
[2022-05-02 23:02:41,873] {logging_mixin.py:109} INFO - currency_pair
[2022-05-02 23:02:41,874] {logging_mixin.py:109} INFO - created_on
[2022-05-02 23:02:41,875] {logging_mixin.py:109} INFO - current_rate
[2022-05-02 23:02:41,877] {python.py:175} INFO - Done. Returned value was: None
[2022-05-02 23:02:41,909] {taskinstance.py:1277} INFO - Marking task as SUCCESS. dag_id=ETL, task_id=main, execution_date=20220502T180000, start_date=20220502T230241, end_date=20220502T230241
[2022-05-02 23:02:41,983] {local_task_job.py:154} INFO - Task exited with return code 0
[2022-05-02 23:02:42,088] {local_task_job.py:264} INFO - 0 downstream tasks scheduled from follow-on schedule check
