[2022-05-03 10:23:28,630] {processor.py:163} INFO - Started process (PID=254) to work on /opt/airflow/dags/ETL.py
[2022-05-03 10:23:28,643] {processor.py:642} INFO - Processing file /opt/airflow/dags/ETL.py for tasks to queue
[2022-05-03 10:23:28,654] {logging_mixin.py:109} INFO - [2022-05-03 10:23:28,653] {dagbag.py:500} INFO - Filling up the DagBag from /opt/airflow/dags/ETL.py
[2022-05-03 10:23:37,155] {logging_mixin.py:109} INFO - All modules were imported successfully
[2022-05-03 10:23:37,354] {processor.py:654} INFO - DAG(s) dict_keys(['ETL']) retrieved from /opt/airflow/dags/ETL.py
[2022-05-03 10:24:00,765] {logging_mixin.py:109} INFO - [2022-05-03 10:24:00,764] {manager.py:496} INFO - Created Permission View: can edit on DAG:ETL
[2022-05-03 10:24:01,077] {logging_mixin.py:109} INFO - [2022-05-03 10:24:01,077] {manager.py:496} INFO - Created Permission View: can read on DAG:ETL
[2022-05-03 10:24:01,081] {logging_mixin.py:109} INFO - [2022-05-03 10:24:01,080] {dag.py:2396} INFO - Sync 1 DAGs
[2022-05-03 10:24:01,118] {logging_mixin.py:109} INFO - [2022-05-03 10:24:01,117] {dag.py:2415} INFO - Creating ORM DAG for ETL
[2022-05-03 10:24:01,187] {logging_mixin.py:109} INFO - [2022-05-03 10:24:01,186] {dag.py:2935} INFO - Setting next_dagrun for ETL to 2022-05-03T06:00:00+00:00
[2022-05-03 10:24:01,245] {processor.py:171} INFO - Processing /opt/airflow/dags/ETL.py took 32.621 seconds
[2022-05-03 10:25:02,246] {processor.py:163} INFO - Started process (PID=349) to work on /opt/airflow/dags/ETL.py
[2022-05-03 10:25:02,251] {processor.py:642} INFO - Processing file /opt/airflow/dags/ETL.py for tasks to queue
[2022-05-03 10:25:02,256] {logging_mixin.py:109} INFO - [2022-05-03 10:25:02,256] {dagbag.py:500} INFO - Filling up the DagBag from /opt/airflow/dags/ETL.py
[2022-05-03 10:25:05,084] {logging_mixin.py:109} INFO - All modules were imported successfully
[2022-05-03 10:25:05,146] {processor.py:654} INFO - DAG(s) dict_keys(['ETL']) retrieved from /opt/airflow/dags/ETL.py
[2022-05-03 10:25:05,181] {logging_mixin.py:109} INFO - [2022-05-03 10:25:05,180] {dag.py:2396} INFO - Sync 1 DAGs
[2022-05-03 10:25:05,352] {logging_mixin.py:109} INFO - [2022-05-03 10:25:05,352] {dag.py:2935} INFO - Setting next_dagrun for ETL to 2022-05-03T09:00:00+00:00
[2022-05-03 10:25:05,403] {processor.py:171} INFO - Processing /opt/airflow/dags/ETL.py took 3.173 seconds
[2022-05-03 10:26:06,063] {processor.py:163} INFO - Started process (PID=413) to work on /opt/airflow/dags/ETL.py
[2022-05-03 10:26:06,069] {processor.py:642} INFO - Processing file /opt/airflow/dags/ETL.py for tasks to queue
[2022-05-03 10:26:06,073] {logging_mixin.py:109} INFO - [2022-05-03 10:26:06,073] {dagbag.py:500} INFO - Filling up the DagBag from /opt/airflow/dags/ETL.py
[2022-05-03 10:26:08,343] {logging_mixin.py:109} INFO - All modules were imported successfully
[2022-05-03 10:26:08,394] {processor.py:654} INFO - DAG(s) dict_keys(['ETL']) retrieved from /opt/airflow/dags/ETL.py
[2022-05-03 10:26:08,427] {logging_mixin.py:109} INFO - [2022-05-03 10:26:08,426] {dag.py:2396} INFO - Sync 1 DAGs
[2022-05-03 10:26:08,506] {logging_mixin.py:109} INFO - [2022-05-03 10:26:08,505] {dag.py:2935} INFO - Setting next_dagrun for ETL to 2022-05-03T09:00:00+00:00
[2022-05-03 10:26:08,531] {processor.py:171} INFO - Processing /opt/airflow/dags/ETL.py took 2.477 seconds
[2022-05-03 10:27:08,803] {processor.py:163} INFO - Started process (PID=473) to work on /opt/airflow/dags/ETL.py
[2022-05-03 10:27:08,808] {processor.py:642} INFO - Processing file /opt/airflow/dags/ETL.py for tasks to queue
[2022-05-03 10:27:08,812] {logging_mixin.py:109} INFO - [2022-05-03 10:27:08,812] {dagbag.py:500} INFO - Filling up the DagBag from /opt/airflow/dags/ETL.py
[2022-05-03 10:27:11,280] {logging_mixin.py:109} INFO - All modules were imported successfully
[2022-05-03 10:27:11,343] {processor.py:654} INFO - DAG(s) dict_keys(['ETL']) retrieved from /opt/airflow/dags/ETL.py
[2022-05-03 10:27:11,380] {logging_mixin.py:109} INFO - [2022-05-03 10:27:11,378] {dag.py:2396} INFO - Sync 1 DAGs
[2022-05-03 10:27:11,461] {logging_mixin.py:109} INFO - [2022-05-03 10:27:11,460] {dag.py:2935} INFO - Setting next_dagrun for ETL to 2022-05-03T09:00:00+00:00
[2022-05-03 10:27:11,489] {processor.py:171} INFO - Processing /opt/airflow/dags/ETL.py took 2.695 seconds
[2022-05-03 10:28:11,700] {processor.py:163} INFO - Started process (PID=532) to work on /opt/airflow/dags/ETL.py
[2022-05-03 10:28:11,705] {processor.py:642} INFO - Processing file /opt/airflow/dags/ETL.py for tasks to queue
[2022-05-03 10:28:11,708] {logging_mixin.py:109} INFO - [2022-05-03 10:28:11,707] {dagbag.py:500} INFO - Filling up the DagBag from /opt/airflow/dags/ETL.py
[2022-05-03 10:28:14,101] {logging_mixin.py:109} INFO - All modules were imported successfully
[2022-05-03 10:28:14,156] {processor.py:654} INFO - DAG(s) dict_keys(['ETL']) retrieved from /opt/airflow/dags/ETL.py
[2022-05-03 10:28:14,192] {logging_mixin.py:109} INFO - [2022-05-03 10:28:14,191] {dag.py:2396} INFO - Sync 1 DAGs
[2022-05-03 10:28:14,269] {logging_mixin.py:109} INFO - [2022-05-03 10:28:14,268] {dag.py:2935} INFO - Setting next_dagrun for ETL to 2022-05-03T09:00:00+00:00
[2022-05-03 10:28:14,294] {processor.py:171} INFO - Processing /opt/airflow/dags/ETL.py took 2.603 seconds
[2022-05-03 10:29:14,527] {processor.py:163} INFO - Started process (PID=591) to work on /opt/airflow/dags/ETL.py
[2022-05-03 10:29:14,533] {processor.py:642} INFO - Processing file /opt/airflow/dags/ETL.py for tasks to queue
[2022-05-03 10:29:14,537] {logging_mixin.py:109} INFO - [2022-05-03 10:29:14,536] {dagbag.py:500} INFO - Filling up the DagBag from /opt/airflow/dags/ETL.py
[2022-05-03 10:29:16,507] {logging_mixin.py:109} INFO - All modules were imported successfully
[2022-05-03 10:29:16,558] {processor.py:654} INFO - DAG(s) dict_keys(['ETL']) retrieved from /opt/airflow/dags/ETL.py
[2022-05-03 10:29:16,590] {logging_mixin.py:109} INFO - [2022-05-03 10:29:16,588] {dag.py:2396} INFO - Sync 1 DAGs
[2022-05-03 10:29:16,660] {logging_mixin.py:109} INFO - [2022-05-03 10:29:16,659] {dag.py:2935} INFO - Setting next_dagrun for ETL to 2022-05-03T09:00:00+00:00
[2022-05-03 10:29:16,683] {processor.py:171} INFO - Processing /opt/airflow/dags/ETL.py took 2.164 seconds
[2022-05-03 10:30:17,262] {processor.py:163} INFO - Started process (PID=652) to work on /opt/airflow/dags/ETL.py
[2022-05-03 10:30:17,266] {processor.py:642} INFO - Processing file /opt/airflow/dags/ETL.py for tasks to queue
[2022-05-03 10:30:17,269] {logging_mixin.py:109} INFO - [2022-05-03 10:30:17,269] {dagbag.py:500} INFO - Filling up the DagBag from /opt/airflow/dags/ETL.py
[2022-05-03 10:30:19,021] {logging_mixin.py:109} INFO - All modules were imported successfully
[2022-05-03 10:30:19,079] {processor.py:654} INFO - DAG(s) dict_keys(['ETL']) retrieved from /opt/airflow/dags/ETL.py
[2022-05-03 10:30:19,108] {logging_mixin.py:109} INFO - [2022-05-03 10:30:19,107] {dag.py:2396} INFO - Sync 1 DAGs
[2022-05-03 10:30:19,168] {logging_mixin.py:109} INFO - [2022-05-03 10:30:19,167] {dag.py:2935} INFO - Setting next_dagrun for ETL to 2022-05-03T09:00:00+00:00
[2022-05-03 10:30:19,188] {processor.py:171} INFO - Processing /opt/airflow/dags/ETL.py took 1.934 seconds
[2022-05-03 10:31:20,163] {processor.py:163} INFO - Started process (PID=713) to work on /opt/airflow/dags/ETL.py
[2022-05-03 10:31:20,167] {processor.py:642} INFO - Processing file /opt/airflow/dags/ETL.py for tasks to queue
[2022-05-03 10:31:20,169] {logging_mixin.py:109} INFO - [2022-05-03 10:31:20,169] {dagbag.py:500} INFO - Filling up the DagBag from /opt/airflow/dags/ETL.py
[2022-05-03 10:31:21,855] {logging_mixin.py:109} INFO - All modules were imported successfully
[2022-05-03 10:31:21,905] {processor.py:654} INFO - DAG(s) dict_keys(['ETL']) retrieved from /opt/airflow/dags/ETL.py
[2022-05-03 10:31:21,934] {logging_mixin.py:109} INFO - [2022-05-03 10:31:21,933] {dag.py:2396} INFO - Sync 1 DAGs
[2022-05-03 10:31:21,993] {logging_mixin.py:109} INFO - [2022-05-03 10:31:21,993] {dag.py:2935} INFO - Setting next_dagrun for ETL to 2022-05-03T09:00:00+00:00
[2022-05-03 10:31:22,014] {processor.py:171} INFO - Processing /opt/airflow/dags/ETL.py took 1.857 seconds
[2022-05-03 10:32:22,531] {processor.py:163} INFO - Started process (PID=785) to work on /opt/airflow/dags/ETL.py
[2022-05-03 10:32:22,536] {processor.py:642} INFO - Processing file /opt/airflow/dags/ETL.py for tasks to queue
[2022-05-03 10:32:22,540] {logging_mixin.py:109} INFO - [2022-05-03 10:32:22,540] {dagbag.py:500} INFO - Filling up the DagBag from /opt/airflow/dags/ETL.py
[2022-05-03 10:32:24,611] {logging_mixin.py:109} INFO - All modules were imported successfully
[2022-05-03 10:32:24,667] {processor.py:654} INFO - DAG(s) dict_keys(['ETL']) retrieved from /opt/airflow/dags/ETL.py
[2022-05-03 10:32:24,703] {logging_mixin.py:109} INFO - [2022-05-03 10:32:24,701] {dag.py:2396} INFO - Sync 1 DAGs
[2022-05-03 10:32:24,787] {logging_mixin.py:109} INFO - [2022-05-03 10:32:24,787] {dag.py:2935} INFO - Setting next_dagrun for ETL to 2022-05-03T09:00:00+00:00
[2022-05-03 10:32:24,816] {processor.py:171} INFO - Processing /opt/airflow/dags/ETL.py took 2.294 seconds
[2022-05-03 10:33:25,607] {processor.py:163} INFO - Started process (PID=852) to work on /opt/airflow/dags/ETL.py
[2022-05-03 10:33:25,613] {processor.py:642} INFO - Processing file /opt/airflow/dags/ETL.py for tasks to queue
[2022-05-03 10:33:25,618] {logging_mixin.py:109} INFO - [2022-05-03 10:33:25,617] {dagbag.py:500} INFO - Filling up the DagBag from /opt/airflow/dags/ETL.py
[2022-05-03 10:33:27,672] {logging_mixin.py:109} INFO - All modules were imported successfully
[2022-05-03 10:33:27,746] {processor.py:654} INFO - DAG(s) dict_keys(['ETL']) retrieved from /opt/airflow/dags/ETL.py
[2022-05-03 10:33:27,789] {logging_mixin.py:109} INFO - [2022-05-03 10:33:27,787] {dag.py:2396} INFO - Sync 1 DAGs
[2022-05-03 10:33:27,881] {logging_mixin.py:109} INFO - [2022-05-03 10:33:27,880] {dag.py:2935} INFO - Setting next_dagrun for ETL to 2022-05-03T09:00:00+00:00
[2022-05-03 10:33:27,931] {processor.py:171} INFO - Processing /opt/airflow/dags/ETL.py took 2.338 seconds
[2022-05-03 10:34:28,307] {processor.py:163} INFO - Started process (PID=914) to work on /opt/airflow/dags/ETL.py
[2022-05-03 10:34:28,312] {processor.py:642} INFO - Processing file /opt/airflow/dags/ETL.py for tasks to queue
[2022-05-03 10:34:28,315] {logging_mixin.py:109} INFO - [2022-05-03 10:34:28,315] {dagbag.py:500} INFO - Filling up the DagBag from /opt/airflow/dags/ETL.py
[2022-05-03 10:34:30,370] {logging_mixin.py:109} INFO - All modules were imported successfully
[2022-05-03 10:34:30,423] {processor.py:654} INFO - DAG(s) dict_keys(['ETL']) retrieved from /opt/airflow/dags/ETL.py
[2022-05-03 10:34:30,465] {logging_mixin.py:109} INFO - [2022-05-03 10:34:30,463] {dag.py:2396} INFO - Sync 1 DAGs
[2022-05-03 10:34:30,550] {logging_mixin.py:109} INFO - [2022-05-03 10:34:30,549] {dag.py:2935} INFO - Setting next_dagrun for ETL to 2022-05-03T09:00:00+00:00
[2022-05-03 10:34:30,575] {processor.py:171} INFO - Processing /opt/airflow/dags/ETL.py took 2.276 seconds
[2022-05-03 10:35:31,112] {processor.py:163} INFO - Started process (PID=973) to work on /opt/airflow/dags/ETL.py
[2022-05-03 10:35:31,118] {processor.py:642} INFO - Processing file /opt/airflow/dags/ETL.py for tasks to queue
[2022-05-03 10:35:31,122] {logging_mixin.py:109} INFO - [2022-05-03 10:35:31,122] {dagbag.py:500} INFO - Filling up the DagBag from /opt/airflow/dags/ETL.py
[2022-05-03 10:35:33,296] {logging_mixin.py:109} INFO - All modules were imported successfully
[2022-05-03 10:35:33,357] {processor.py:654} INFO - DAG(s) dict_keys(['ETL']) retrieved from /opt/airflow/dags/ETL.py
[2022-05-03 10:35:33,395] {logging_mixin.py:109} INFO - [2022-05-03 10:35:33,393] {dag.py:2396} INFO - Sync 1 DAGs
[2022-05-03 10:35:33,475] {logging_mixin.py:109} INFO - [2022-05-03 10:35:33,475] {dag.py:2935} INFO - Setting next_dagrun for ETL to 2022-05-03T09:00:00+00:00
[2022-05-03 10:35:33,501] {processor.py:171} INFO - Processing /opt/airflow/dags/ETL.py took 2.398 seconds
[2022-05-03 10:36:33,853] {processor.py:163} INFO - Started process (PID=1035) to work on /opt/airflow/dags/ETL.py
[2022-05-03 10:36:33,857] {processor.py:642} INFO - Processing file /opt/airflow/dags/ETL.py for tasks to queue
[2022-05-03 10:36:33,861] {logging_mixin.py:109} INFO - [2022-05-03 10:36:33,861] {dagbag.py:500} INFO - Filling up the DagBag from /opt/airflow/dags/ETL.py
[2022-05-03 10:36:35,976] {logging_mixin.py:109} INFO - All modules were imported successfully
[2022-05-03 10:36:36,029] {processor.py:654} INFO - DAG(s) dict_keys(['ETL']) retrieved from /opt/airflow/dags/ETL.py
[2022-05-03 10:36:36,062] {logging_mixin.py:109} INFO - [2022-05-03 10:36:36,060] {dag.py:2396} INFO - Sync 1 DAGs
[2022-05-03 10:36:36,132] {logging_mixin.py:109} INFO - [2022-05-03 10:36:36,132] {dag.py:2935} INFO - Setting next_dagrun for ETL to 2022-05-03T09:00:00+00:00
[2022-05-03 10:36:36,158] {processor.py:171} INFO - Processing /opt/airflow/dags/ETL.py took 2.314 seconds
[2022-05-03 10:37:36,697] {processor.py:163} INFO - Started process (PID=1095) to work on /opt/airflow/dags/ETL.py
[2022-05-03 10:37:36,702] {processor.py:642} INFO - Processing file /opt/airflow/dags/ETL.py for tasks to queue
[2022-05-03 10:37:36,706] {logging_mixin.py:109} INFO - [2022-05-03 10:37:36,705] {dagbag.py:500} INFO - Filling up the DagBag from /opt/airflow/dags/ETL.py
[2022-05-03 10:37:38,422] {logging_mixin.py:109} INFO - All modules were imported successfully
[2022-05-03 10:37:38,471] {processor.py:654} INFO - DAG(s) dict_keys(['ETL']) retrieved from /opt/airflow/dags/ETL.py
[2022-05-03 10:37:38,500] {logging_mixin.py:109} INFO - [2022-05-03 10:37:38,499] {dag.py:2396} INFO - Sync 1 DAGs
[2022-05-03 10:37:38,559] {logging_mixin.py:109} INFO - [2022-05-03 10:37:38,559] {dag.py:2935} INFO - Setting next_dagrun for ETL to 2022-05-03T09:00:00+00:00
[2022-05-03 10:37:38,581] {processor.py:171} INFO - Processing /opt/airflow/dags/ETL.py took 1.892 seconds
[2022-05-03 10:38:39,508] {processor.py:163} INFO - Started process (PID=1153) to work on /opt/airflow/dags/ETL.py
[2022-05-03 10:38:39,513] {processor.py:642} INFO - Processing file /opt/airflow/dags/ETL.py for tasks to queue
[2022-05-03 10:38:39,517] {logging_mixin.py:109} INFO - [2022-05-03 10:38:39,516] {dagbag.py:500} INFO - Filling up the DagBag from /opt/airflow/dags/ETL.py
[2022-05-03 10:38:41,617] {logging_mixin.py:109} INFO - All modules were imported successfully
[2022-05-03 10:38:41,669] {processor.py:654} INFO - DAG(s) dict_keys(['ETL']) retrieved from /opt/airflow/dags/ETL.py
[2022-05-03 10:38:41,701] {logging_mixin.py:109} INFO - [2022-05-03 10:38:41,699] {dag.py:2396} INFO - Sync 1 DAGs
[2022-05-03 10:38:41,783] {logging_mixin.py:109} INFO - [2022-05-03 10:38:41,781] {dag.py:2935} INFO - Setting next_dagrun for ETL to 2022-05-03T09:00:00+00:00
[2022-05-03 10:38:41,833] {processor.py:171} INFO - Processing /opt/airflow/dags/ETL.py took 2.334 seconds
[2022-05-03 10:44:37,924] {processor.py:163} INFO - Started process (PID=1176) to work on /opt/airflow/dags/ETL.py
[2022-05-03 10:44:37,930] {processor.py:642} INFO - Processing file /opt/airflow/dags/ETL.py for tasks to queue
[2022-05-03 10:44:37,934] {logging_mixin.py:109} INFO - [2022-05-03 10:44:37,933] {dagbag.py:500} INFO - Filling up the DagBag from /opt/airflow/dags/ETL.py
[2022-05-03 10:44:41,418] {logging_mixin.py:109} INFO - All modules were imported successfully
[2022-05-03 10:44:41,593] {processor.py:654} INFO - DAG(s) dict_keys(['ETL']) retrieved from /opt/airflow/dags/ETL.py
[2022-05-03 10:44:41,675] {logging_mixin.py:109} INFO - [2022-05-03 10:44:41,672] {dag.py:2396} INFO - Sync 1 DAGs
[2022-05-03 10:44:41,814] {logging_mixin.py:109} INFO - [2022-05-03 10:44:41,813] {dag.py:2935} INFO - Setting next_dagrun for ETL to 2022-05-03T09:00:00+00:00
[2022-05-03 10:44:41,873] {processor.py:171} INFO - Processing /opt/airflow/dags/ETL.py took 3.960 seconds
[2022-05-03 10:45:42,755] {processor.py:163} INFO - Started process (PID=1234) to work on /opt/airflow/dags/ETL.py
[2022-05-03 10:45:42,760] {processor.py:642} INFO - Processing file /opt/airflow/dags/ETL.py for tasks to queue
[2022-05-03 10:45:42,763] {logging_mixin.py:109} INFO - [2022-05-03 10:45:42,763] {dagbag.py:500} INFO - Filling up the DagBag from /opt/airflow/dags/ETL.py
[2022-05-03 10:45:45,038] {logging_mixin.py:109} INFO - All modules were imported successfully
[2022-05-03 10:45:45,098] {processor.py:654} INFO - DAG(s) dict_keys(['ETL']) retrieved from /opt/airflow/dags/ETL.py
[2022-05-03 10:45:45,139] {logging_mixin.py:109} INFO - [2022-05-03 10:45:45,136] {dag.py:2396} INFO - Sync 1 DAGs
[2022-05-03 10:45:45,218] {logging_mixin.py:109} INFO - [2022-05-03 10:45:45,217] {dag.py:2935} INFO - Setting next_dagrun for ETL to 2022-05-03T09:00:00+00:00
[2022-05-03 10:45:45,244] {processor.py:171} INFO - Processing /opt/airflow/dags/ETL.py took 2.497 seconds
[2022-05-03 10:46:45,411] {processor.py:163} INFO - Started process (PID=1299) to work on /opt/airflow/dags/ETL.py
[2022-05-03 10:46:45,416] {processor.py:642} INFO - Processing file /opt/airflow/dags/ETL.py for tasks to queue
[2022-05-03 10:46:45,419] {logging_mixin.py:109} INFO - [2022-05-03 10:46:45,419] {dagbag.py:500} INFO - Filling up the DagBag from /opt/airflow/dags/ETL.py
[2022-05-03 10:46:47,463] {logging_mixin.py:109} INFO - All modules were imported successfully
[2022-05-03 10:46:47,528] {processor.py:654} INFO - DAG(s) dict_keys(['ETL']) retrieved from /opt/airflow/dags/ETL.py
[2022-05-03 10:46:47,565] {logging_mixin.py:109} INFO - [2022-05-03 10:46:47,563] {dag.py:2396} INFO - Sync 1 DAGs
[2022-05-03 10:46:47,635] {logging_mixin.py:109} INFO - [2022-05-03 10:46:47,634] {dag.py:2935} INFO - Setting next_dagrun for ETL to 2022-05-03T09:00:00+00:00
[2022-05-03 10:46:47,658] {processor.py:171} INFO - Processing /opt/airflow/dags/ETL.py took 2.258 seconds
[2022-05-03 10:47:48,396] {processor.py:163} INFO - Started process (PID=1356) to work on /opt/airflow/dags/ETL.py
[2022-05-03 10:47:48,402] {processor.py:642} INFO - Processing file /opt/airflow/dags/ETL.py for tasks to queue
[2022-05-03 10:47:48,406] {logging_mixin.py:109} INFO - [2022-05-03 10:47:48,406] {dagbag.py:500} INFO - Filling up the DagBag from /opt/airflow/dags/ETL.py
[2022-05-03 10:47:50,015] {logging_mixin.py:109} INFO - All modules were imported successfully
[2022-05-03 10:47:50,064] {processor.py:654} INFO - DAG(s) dict_keys(['ETL']) retrieved from /opt/airflow/dags/ETL.py
[2022-05-03 10:47:50,097] {logging_mixin.py:109} INFO - [2022-05-03 10:47:50,095] {dag.py:2396} INFO - Sync 1 DAGs
[2022-05-03 10:47:50,163] {logging_mixin.py:109} INFO - [2022-05-03 10:47:50,163] {dag.py:2935} INFO - Setting next_dagrun for ETL to 2022-05-03T09:00:00+00:00
[2022-05-03 10:47:50,186] {processor.py:171} INFO - Processing /opt/airflow/dags/ETL.py took 1.798 seconds
[2022-05-03 10:48:50,785] {processor.py:163} INFO - Started process (PID=1419) to work on /opt/airflow/dags/ETL.py
[2022-05-03 10:48:50,795] {processor.py:642} INFO - Processing file /opt/airflow/dags/ETL.py for tasks to queue
[2022-05-03 10:48:50,799] {logging_mixin.py:109} INFO - [2022-05-03 10:48:50,798] {dagbag.py:500} INFO - Filling up the DagBag from /opt/airflow/dags/ETL.py
[2022-05-03 10:48:52,602] {logging_mixin.py:109} INFO - All modules were imported successfully
[2022-05-03 10:48:52,654] {processor.py:654} INFO - DAG(s) dict_keys(['ETL']) retrieved from /opt/airflow/dags/ETL.py
[2022-05-03 10:48:52,689] {logging_mixin.py:109} INFO - [2022-05-03 10:48:52,687] {dag.py:2396} INFO - Sync 1 DAGs
[2022-05-03 10:48:52,761] {logging_mixin.py:109} INFO - [2022-05-03 10:48:52,760] {dag.py:2935} INFO - Setting next_dagrun for ETL to 2022-05-03T09:00:00+00:00
[2022-05-03 10:48:52,783] {processor.py:171} INFO - Processing /opt/airflow/dags/ETL.py took 2.014 seconds
[2022-05-03 10:49:53,521] {processor.py:163} INFO - Started process (PID=1477) to work on /opt/airflow/dags/ETL.py
[2022-05-03 10:49:53,525] {processor.py:642} INFO - Processing file /opt/airflow/dags/ETL.py for tasks to queue
[2022-05-03 10:49:53,528] {logging_mixin.py:109} INFO - [2022-05-03 10:49:53,528] {dagbag.py:500} INFO - Filling up the DagBag from /opt/airflow/dags/ETL.py
[2022-05-03 10:49:55,779] {logging_mixin.py:109} INFO - All modules were imported successfully
[2022-05-03 10:49:55,842] {processor.py:654} INFO - DAG(s) dict_keys(['ETL']) retrieved from /opt/airflow/dags/ETL.py
[2022-05-03 10:49:55,888] {logging_mixin.py:109} INFO - [2022-05-03 10:49:55,882] {dag.py:2396} INFO - Sync 1 DAGs
[2022-05-03 10:49:55,978] {logging_mixin.py:109} INFO - [2022-05-03 10:49:55,977] {dag.py:2935} INFO - Setting next_dagrun for ETL to 2022-05-03T09:00:00+00:00
[2022-05-03 10:49:56,006] {processor.py:171} INFO - Processing /opt/airflow/dags/ETL.py took 2.492 seconds
[2022-05-03 10:50:56,316] {processor.py:163} INFO - Started process (PID=1557) to work on /opt/airflow/dags/ETL.py
[2022-05-03 10:50:56,328] {processor.py:642} INFO - Processing file /opt/airflow/dags/ETL.py for tasks to queue
[2022-05-03 10:50:56,333] {logging_mixin.py:109} INFO - [2022-05-03 10:50:56,332] {dagbag.py:500} INFO - Filling up the DagBag from /opt/airflow/dags/ETL.py
[2022-05-03 10:50:59,135] {logging_mixin.py:109} INFO - All modules were imported successfully
[2022-05-03 10:50:59,203] {processor.py:654} INFO - DAG(s) dict_keys(['ETL']) retrieved from /opt/airflow/dags/ETL.py
[2022-05-03 10:50:59,247] {logging_mixin.py:109} INFO - [2022-05-03 10:50:59,245] {dag.py:2396} INFO - Sync 1 DAGs
[2022-05-03 10:50:59,349] {logging_mixin.py:109} INFO - [2022-05-03 10:50:59,348] {dag.py:2935} INFO - Setting next_dagrun for ETL to 2022-05-03T09:00:00+00:00
[2022-05-03 10:50:59,392] {processor.py:171} INFO - Processing /opt/airflow/dags/ETL.py took 3.104 seconds
[2022-05-03 10:52:00,063] {processor.py:163} INFO - Started process (PID=1613) to work on /opt/airflow/dags/ETL.py
[2022-05-03 10:52:00,069] {processor.py:642} INFO - Processing file /opt/airflow/dags/ETL.py for tasks to queue
[2022-05-03 10:52:00,074] {logging_mixin.py:109} INFO - [2022-05-03 10:52:00,073] {dagbag.py:500} INFO - Filling up the DagBag from /opt/airflow/dags/ETL.py
[2022-05-03 10:52:02,319] {logging_mixin.py:109} INFO - All modules were imported successfully
[2022-05-03 10:52:02,378] {processor.py:654} INFO - DAG(s) dict_keys(['ETL']) retrieved from /opt/airflow/dags/ETL.py
[2022-05-03 10:52:02,414] {logging_mixin.py:109} INFO - [2022-05-03 10:52:02,412] {dag.py:2396} INFO - Sync 1 DAGs
[2022-05-03 10:52:02,495] {logging_mixin.py:109} INFO - [2022-05-03 10:52:02,495] {dag.py:2935} INFO - Setting next_dagrun for ETL to 2022-05-03T09:00:00+00:00
[2022-05-03 10:52:02,522] {processor.py:171} INFO - Processing /opt/airflow/dags/ETL.py took 2.468 seconds
[2022-05-03 10:53:02,668] {processor.py:163} INFO - Started process (PID=1669) to work on /opt/airflow/dags/ETL.py
[2022-05-03 10:53:02,678] {processor.py:642} INFO - Processing file /opt/airflow/dags/ETL.py for tasks to queue
[2022-05-03 10:53:02,681] {logging_mixin.py:109} INFO - [2022-05-03 10:53:02,681] {dagbag.py:500} INFO - Filling up the DagBag from /opt/airflow/dags/ETL.py
[2022-05-03 10:53:04,994] {logging_mixin.py:109} INFO - All modules were imported successfully
[2022-05-03 10:53:05,058] {processor.py:654} INFO - DAG(s) dict_keys(['ETL']) retrieved from /opt/airflow/dags/ETL.py
[2022-05-03 10:53:05,099] {logging_mixin.py:109} INFO - [2022-05-03 10:53:05,097] {dag.py:2396} INFO - Sync 1 DAGs
[2022-05-03 10:53:05,175] {logging_mixin.py:109} INFO - [2022-05-03 10:53:05,175] {dag.py:2935} INFO - Setting next_dagrun for ETL to 2022-05-03T09:00:00+00:00
[2022-05-03 10:53:05,203] {processor.py:171} INFO - Processing /opt/airflow/dags/ETL.py took 2.545 seconds
[2022-05-03 10:54:05,700] {processor.py:163} INFO - Started process (PID=1726) to work on /opt/airflow/dags/ETL.py
[2022-05-03 10:54:05,704] {processor.py:642} INFO - Processing file /opt/airflow/dags/ETL.py for tasks to queue
[2022-05-03 10:54:05,713] {logging_mixin.py:109} INFO - [2022-05-03 10:54:05,712] {dagbag.py:500} INFO - Filling up the DagBag from /opt/airflow/dags/ETL.py
[2022-05-03 10:54:07,842] {logging_mixin.py:109} INFO - All modules were imported successfully
[2022-05-03 10:54:07,904] {processor.py:654} INFO - DAG(s) dict_keys(['ETL']) retrieved from /opt/airflow/dags/ETL.py
[2022-05-03 10:54:07,943] {logging_mixin.py:109} INFO - [2022-05-03 10:54:07,939] {dag.py:2396} INFO - Sync 1 DAGs
[2022-05-03 10:54:08,019] {logging_mixin.py:109} INFO - [2022-05-03 10:54:08,018] {dag.py:2935} INFO - Setting next_dagrun for ETL to 2022-05-03T09:00:00+00:00
[2022-05-03 10:54:08,045] {processor.py:171} INFO - Processing /opt/airflow/dags/ETL.py took 2.353 seconds
[2022-05-03 10:55:08,491] {processor.py:163} INFO - Started process (PID=1785) to work on /opt/airflow/dags/ETL.py
[2022-05-03 10:55:08,496] {processor.py:642} INFO - Processing file /opt/airflow/dags/ETL.py for tasks to queue
[2022-05-03 10:55:08,499] {logging_mixin.py:109} INFO - [2022-05-03 10:55:08,499] {dagbag.py:500} INFO - Filling up the DagBag from /opt/airflow/dags/ETL.py
[2022-05-03 10:55:10,339] {logging_mixin.py:109} INFO - All modules were imported successfully
[2022-05-03 10:55:10,389] {processor.py:654} INFO - DAG(s) dict_keys(['ETL']) retrieved from /opt/airflow/dags/ETL.py
[2022-05-03 10:55:10,421] {logging_mixin.py:109} INFO - [2022-05-03 10:55:10,419] {dag.py:2396} INFO - Sync 1 DAGs
[2022-05-03 10:55:10,487] {logging_mixin.py:109} INFO - [2022-05-03 10:55:10,486] {dag.py:2935} INFO - Setting next_dagrun for ETL to 2022-05-03T09:00:00+00:00
[2022-05-03 10:55:10,509] {processor.py:171} INFO - Processing /opt/airflow/dags/ETL.py took 2.026 seconds
[2022-05-03 10:56:11,281] {processor.py:163} INFO - Started process (PID=1847) to work on /opt/airflow/dags/ETL.py
[2022-05-03 10:56:11,285] {processor.py:642} INFO - Processing file /opt/airflow/dags/ETL.py for tasks to queue
[2022-05-03 10:56:11,289] {logging_mixin.py:109} INFO - [2022-05-03 10:56:11,288] {dagbag.py:500} INFO - Filling up the DagBag from /opt/airflow/dags/ETL.py
[2022-05-03 10:56:13,044] {logging_mixin.py:109} INFO - All modules were imported successfully
[2022-05-03 10:56:13,092] {processor.py:654} INFO - DAG(s) dict_keys(['ETL']) retrieved from /opt/airflow/dags/ETL.py
[2022-05-03 10:56:13,124] {logging_mixin.py:109} INFO - [2022-05-03 10:56:13,122] {dag.py:2396} INFO - Sync 1 DAGs
[2022-05-03 10:56:13,187] {logging_mixin.py:109} INFO - [2022-05-03 10:56:13,187] {dag.py:2935} INFO - Setting next_dagrun for ETL to 2022-05-03T09:00:00+00:00
[2022-05-03 10:56:13,208] {processor.py:171} INFO - Processing /opt/airflow/dags/ETL.py took 1.937 seconds
[2022-05-03 10:57:14,141] {processor.py:163} INFO - Started process (PID=1919) to work on /opt/airflow/dags/ETL.py
[2022-05-03 10:57:14,146] {processor.py:642} INFO - Processing file /opt/airflow/dags/ETL.py for tasks to queue
[2022-05-03 10:57:14,154] {logging_mixin.py:109} INFO - [2022-05-03 10:57:14,153] {dagbag.py:500} INFO - Filling up the DagBag from /opt/airflow/dags/ETL.py
[2022-05-03 10:57:16,290] {logging_mixin.py:109} INFO - All modules were imported successfully
[2022-05-03 10:57:16,349] {processor.py:654} INFO - DAG(s) dict_keys(['ETL']) retrieved from /opt/airflow/dags/ETL.py
[2022-05-03 10:57:16,386] {logging_mixin.py:109} INFO - [2022-05-03 10:57:16,384] {dag.py:2396} INFO - Sync 1 DAGs
[2022-05-03 10:57:16,470] {logging_mixin.py:109} INFO - [2022-05-03 10:57:16,469] {dag.py:2935} INFO - Setting next_dagrun for ETL to 2022-05-03T09:00:00+00:00
[2022-05-03 10:57:16,496] {processor.py:171} INFO - Processing /opt/airflow/dags/ETL.py took 2.363 seconds
[2022-05-03 10:58:16,858] {processor.py:163} INFO - Started process (PID=1983) to work on /opt/airflow/dags/ETL.py
[2022-05-03 10:58:16,864] {processor.py:642} INFO - Processing file /opt/airflow/dags/ETL.py for tasks to queue
[2022-05-03 10:58:16,868] {logging_mixin.py:109} INFO - [2022-05-03 10:58:16,868] {dagbag.py:500} INFO - Filling up the DagBag from /opt/airflow/dags/ETL.py
[2022-05-03 10:58:19,143] {logging_mixin.py:109} INFO - All modules were imported successfully
[2022-05-03 10:58:19,201] {processor.py:654} INFO - DAG(s) dict_keys(['ETL']) retrieved from /opt/airflow/dags/ETL.py
[2022-05-03 10:58:19,238] {logging_mixin.py:109} INFO - [2022-05-03 10:58:19,236] {dag.py:2396} INFO - Sync 1 DAGs
[2022-05-03 10:58:19,328] {logging_mixin.py:109} INFO - [2022-05-03 10:58:19,328] {dag.py:2935} INFO - Setting next_dagrun for ETL to 2022-05-03T09:00:00+00:00
[2022-05-03 10:58:19,356] {processor.py:171} INFO - Processing /opt/airflow/dags/ETL.py took 2.507 seconds
[2022-05-03 10:59:19,653] {processor.py:163} INFO - Started process (PID=2045) to work on /opt/airflow/dags/ETL.py
[2022-05-03 10:59:19,658] {processor.py:642} INFO - Processing file /opt/airflow/dags/ETL.py for tasks to queue
[2022-05-03 10:59:19,661] {logging_mixin.py:109} INFO - [2022-05-03 10:59:19,661] {dagbag.py:500} INFO - Filling up the DagBag from /opt/airflow/dags/ETL.py
[2022-05-03 10:59:21,804] {logging_mixin.py:109} INFO - All modules were imported successfully
[2022-05-03 10:59:21,870] {processor.py:654} INFO - DAG(s) dict_keys(['ETL']) retrieved from /opt/airflow/dags/ETL.py
[2022-05-03 10:59:21,910] {logging_mixin.py:109} INFO - [2022-05-03 10:59:21,907] {dag.py:2396} INFO - Sync 1 DAGs
[2022-05-03 10:59:21,995] {logging_mixin.py:109} INFO - [2022-05-03 10:59:21,995] {dag.py:2935} INFO - Setting next_dagrun for ETL to 2022-05-03T09:00:00+00:00
[2022-05-03 10:59:22,023] {processor.py:171} INFO - Processing /opt/airflow/dags/ETL.py took 2.379 seconds
[2022-05-03 11:00:22,443] {processor.py:163} INFO - Started process (PID=2103) to work on /opt/airflow/dags/ETL.py
[2022-05-03 11:00:22,448] {processor.py:642} INFO - Processing file /opt/airflow/dags/ETL.py for tasks to queue
[2022-05-03 11:00:22,451] {logging_mixin.py:109} INFO - [2022-05-03 11:00:22,450] {dagbag.py:500} INFO - Filling up the DagBag from /opt/airflow/dags/ETL.py
[2022-05-03 11:00:24,669] {logging_mixin.py:109} INFO - All modules were imported successfully
[2022-05-03 11:00:24,735] {processor.py:654} INFO - DAG(s) dict_keys(['ETL']) retrieved from /opt/airflow/dags/ETL.py
[2022-05-03 11:00:24,773] {logging_mixin.py:109} INFO - [2022-05-03 11:00:24,770] {dag.py:2396} INFO - Sync 1 DAGs
[2022-05-03 11:00:24,854] {logging_mixin.py:109} INFO - [2022-05-03 11:00:24,853] {dag.py:2935} INFO - Setting next_dagrun for ETL to 2022-05-03T09:00:00+00:00
[2022-05-03 11:00:24,880] {processor.py:171} INFO - Processing /opt/airflow/dags/ETL.py took 2.445 seconds
[2022-05-03 11:01:25,321] {processor.py:163} INFO - Started process (PID=2161) to work on /opt/airflow/dags/ETL.py
[2022-05-03 11:01:25,326] {processor.py:642} INFO - Processing file /opt/airflow/dags/ETL.py for tasks to queue
[2022-05-03 11:01:25,330] {logging_mixin.py:109} INFO - [2022-05-03 11:01:25,329] {dagbag.py:500} INFO - Filling up the DagBag from /opt/airflow/dags/ETL.py
[2022-05-03 11:01:27,531] {logging_mixin.py:109} INFO - All modules were imported successfully
[2022-05-03 11:01:27,589] {processor.py:654} INFO - DAG(s) dict_keys(['ETL']) retrieved from /opt/airflow/dags/ETL.py
[2022-05-03 11:01:27,626] {logging_mixin.py:109} INFO - [2022-05-03 11:01:27,624] {dag.py:2396} INFO - Sync 1 DAGs
[2022-05-03 11:01:27,698] {logging_mixin.py:109} INFO - [2022-05-03 11:01:27,698] {dag.py:2935} INFO - Setting next_dagrun for ETL to 2022-05-03T09:00:00+00:00
[2022-05-03 11:01:27,724] {processor.py:171} INFO - Processing /opt/airflow/dags/ETL.py took 2.412 seconds
[2022-05-03 11:02:28,034] {processor.py:163} INFO - Started process (PID=2220) to work on /opt/airflow/dags/ETL.py
[2022-05-03 11:02:28,038] {processor.py:642} INFO - Processing file /opt/airflow/dags/ETL.py for tasks to queue
[2022-05-03 11:02:28,041] {logging_mixin.py:109} INFO - [2022-05-03 11:02:28,041] {dagbag.py:500} INFO - Filling up the DagBag from /opt/airflow/dags/ETL.py
[2022-05-03 11:02:30,255] {logging_mixin.py:109} INFO - All modules were imported successfully
[2022-05-03 11:02:30,314] {processor.py:654} INFO - DAG(s) dict_keys(['ETL']) retrieved from /opt/airflow/dags/ETL.py
[2022-05-03 11:02:30,346] {logging_mixin.py:109} INFO - [2022-05-03 11:02:30,344] {dag.py:2396} INFO - Sync 1 DAGs
[2022-05-03 11:02:30,409] {logging_mixin.py:109} INFO - [2022-05-03 11:02:30,409] {dag.py:2935} INFO - Setting next_dagrun for ETL to 2022-05-03T09:00:00+00:00
[2022-05-03 11:02:30,435] {processor.py:171} INFO - Processing /opt/airflow/dags/ETL.py took 2.409 seconds
[2022-05-03 11:03:30,889] {processor.py:163} INFO - Started process (PID=2281) to work on /opt/airflow/dags/ETL.py
[2022-05-03 11:03:30,894] {processor.py:642} INFO - Processing file /opt/airflow/dags/ETL.py for tasks to queue
[2022-05-03 11:03:30,896] {logging_mixin.py:109} INFO - [2022-05-03 11:03:30,896] {dagbag.py:500} INFO - Filling up the DagBag from /opt/airflow/dags/ETL.py
[2022-05-03 11:03:32,664] {logging_mixin.py:109} INFO - All modules were imported successfully
[2022-05-03 11:03:32,718] {processor.py:654} INFO - DAG(s) dict_keys(['ETL']) retrieved from /opt/airflow/dags/ETL.py
[2022-05-03 11:03:32,750] {logging_mixin.py:109} INFO - [2022-05-03 11:03:32,748] {dag.py:2396} INFO - Sync 1 DAGs
[2022-05-03 11:03:32,816] {logging_mixin.py:109} INFO - [2022-05-03 11:03:32,816] {dag.py:2935} INFO - Setting next_dagrun for ETL to 2022-05-03T09:00:00+00:00
[2022-05-03 11:03:32,839] {processor.py:171} INFO - Processing /opt/airflow/dags/ETL.py took 1.958 seconds
[2022-05-03 11:04:33,757] {processor.py:163} INFO - Started process (PID=2338) to work on /opt/airflow/dags/ETL.py
[2022-05-03 11:04:33,763] {processor.py:642} INFO - Processing file /opt/airflow/dags/ETL.py for tasks to queue
[2022-05-03 11:04:33,766] {logging_mixin.py:109} INFO - [2022-05-03 11:04:33,766] {dagbag.py:500} INFO - Filling up the DagBag from /opt/airflow/dags/ETL.py
[2022-05-03 11:04:35,937] {logging_mixin.py:109} INFO - All modules were imported successfully
[2022-05-03 11:04:36,005] {processor.py:654} INFO - DAG(s) dict_keys(['ETL']) retrieved from /opt/airflow/dags/ETL.py
[2022-05-03 11:04:36,044] {logging_mixin.py:109} INFO - [2022-05-03 11:04:36,042] {dag.py:2396} INFO - Sync 1 DAGs
[2022-05-03 11:04:36,124] {logging_mixin.py:109} INFO - [2022-05-03 11:04:36,123] {dag.py:2935} INFO - Setting next_dagrun for ETL to 2022-05-03T09:00:00+00:00
[2022-05-03 11:04:36,151] {processor.py:171} INFO - Processing /opt/airflow/dags/ETL.py took 2.403 seconds
[2022-05-03 11:05:36,450] {processor.py:163} INFO - Started process (PID=2418) to work on /opt/airflow/dags/ETL.py
[2022-05-03 11:05:36,456] {processor.py:642} INFO - Processing file /opt/airflow/dags/ETL.py for tasks to queue
[2022-05-03 11:05:36,459] {logging_mixin.py:109} INFO - [2022-05-03 11:05:36,458] {dagbag.py:500} INFO - Filling up the DagBag from /opt/airflow/dags/ETL.py
[2022-05-03 11:05:38,774] {logging_mixin.py:109} INFO - All modules were imported successfully
[2022-05-03 11:05:38,836] {processor.py:654} INFO - DAG(s) dict_keys(['ETL']) retrieved from /opt/airflow/dags/ETL.py
[2022-05-03 11:05:38,874] {logging_mixin.py:109} INFO - [2022-05-03 11:05:38,872] {dag.py:2396} INFO - Sync 1 DAGs
[2022-05-03 11:05:38,964] {logging_mixin.py:109} INFO - [2022-05-03 11:05:38,964] {dag.py:2935} INFO - Setting next_dagrun for ETL to 2022-05-03T09:00:00+00:00
[2022-05-03 11:05:38,993] {processor.py:171} INFO - Processing /opt/airflow/dags/ETL.py took 2.551 seconds
[2022-05-03 11:06:16,129] {processor.py:163} INFO - Started process (PID=2459) to work on /opt/airflow/dags/ETL.py
[2022-05-03 11:06:16,137] {processor.py:642} INFO - Processing file /opt/airflow/dags/ETL.py for tasks to queue
[2022-05-03 11:06:16,146] {logging_mixin.py:109} INFO - [2022-05-03 11:06:16,145] {dagbag.py:500} INFO - Filling up the DagBag from /opt/airflow/dags/ETL.py
[2022-05-03 11:06:18,321] {logging_mixin.py:109} INFO - All modules were imported successfully
[2022-05-03 11:06:18,382] {processor.py:654} INFO - DAG(s) dict_keys(['ETL']) retrieved from /opt/airflow/dags/ETL.py
[2022-05-03 11:06:18,418] {logging_mixin.py:109} INFO - [2022-05-03 11:06:18,416] {dag.py:2396} INFO - Sync 1 DAGs
[2022-05-03 11:06:18,515] {logging_mixin.py:109} INFO - [2022-05-03 11:06:18,514] {dag.py:2935} INFO - Setting next_dagrun for ETL to 2022-05-03T09:00:00+00:00
[2022-05-03 11:06:18,558] {processor.py:171} INFO - Processing /opt/airflow/dags/ETL.py took 2.441 seconds
[2022-05-03 11:07:19,027] {processor.py:163} INFO - Started process (PID=2521) to work on /opt/airflow/dags/ETL.py
[2022-05-03 11:07:19,032] {processor.py:642} INFO - Processing file /opt/airflow/dags/ETL.py for tasks to queue
[2022-05-03 11:07:19,037] {logging_mixin.py:109} INFO - [2022-05-03 11:07:19,036] {dagbag.py:500} INFO - Filling up the DagBag from /opt/airflow/dags/ETL.py
[2022-05-03 11:07:21,318] {logging_mixin.py:109} INFO - All modules were imported successfully
[2022-05-03 11:07:21,377] {processor.py:654} INFO - DAG(s) dict_keys(['ETL']) retrieved from /opt/airflow/dags/ETL.py
[2022-05-03 11:07:21,417] {logging_mixin.py:109} INFO - [2022-05-03 11:07:21,414] {dag.py:2396} INFO - Sync 1 DAGs
[2022-05-03 11:07:21,491] {logging_mixin.py:109} INFO - [2022-05-03 11:07:21,491] {dag.py:2935} INFO - Setting next_dagrun for ETL to 2022-05-03T09:00:00+00:00
[2022-05-03 11:07:21,520] {processor.py:171} INFO - Processing /opt/airflow/dags/ETL.py took 2.503 seconds
[2022-05-03 11:08:21,714] {processor.py:163} INFO - Started process (PID=2578) to work on /opt/airflow/dags/ETL.py
[2022-05-03 11:08:21,719] {processor.py:642} INFO - Processing file /opt/airflow/dags/ETL.py for tasks to queue
[2022-05-03 11:08:21,723] {logging_mixin.py:109} INFO - [2022-05-03 11:08:21,723] {dagbag.py:500} INFO - Filling up the DagBag from /opt/airflow/dags/ETL.py
[2022-05-03 11:08:24,417] {logging_mixin.py:109} INFO - All modules were imported successfully
[2022-05-03 11:08:24,492] {processor.py:654} INFO - DAG(s) dict_keys(['ETL']) retrieved from /opt/airflow/dags/ETL.py
[2022-05-03 11:08:24,543] {logging_mixin.py:109} INFO - [2022-05-03 11:08:24,540] {dag.py:2396} INFO - Sync 1 DAGs
[2022-05-03 11:08:24,633] {logging_mixin.py:109} INFO - [2022-05-03 11:08:24,632] {dag.py:2935} INFO - Setting next_dagrun for ETL to 2022-05-03T09:00:00+00:00
[2022-05-03 11:08:24,664] {processor.py:171} INFO - Processing /opt/airflow/dags/ETL.py took 2.961 seconds
[2022-05-03 11:09:25,501] {processor.py:163} INFO - Started process (PID=2641) to work on /opt/airflow/dags/ETL.py
[2022-05-03 11:09:25,505] {processor.py:642} INFO - Processing file /opt/airflow/dags/ETL.py for tasks to queue
[2022-05-03 11:09:25,509] {logging_mixin.py:109} INFO - [2022-05-03 11:09:25,508] {dagbag.py:500} INFO - Filling up the DagBag from /opt/airflow/dags/ETL.py
[2022-05-03 11:09:27,748] {logging_mixin.py:109} INFO - All modules were imported successfully
[2022-05-03 11:09:27,814] {processor.py:654} INFO - DAG(s) dict_keys(['ETL']) retrieved from /opt/airflow/dags/ETL.py
[2022-05-03 11:09:27,860] {logging_mixin.py:109} INFO - [2022-05-03 11:09:27,858] {dag.py:2396} INFO - Sync 1 DAGs
[2022-05-03 11:09:27,937] {logging_mixin.py:109} INFO - [2022-05-03 11:09:27,936] {dag.py:2935} INFO - Setting next_dagrun for ETL to 2022-05-03T09:00:00+00:00
[2022-05-03 11:09:27,962] {processor.py:171} INFO - Processing /opt/airflow/dags/ETL.py took 2.470 seconds
[2022-05-03 11:10:28,153] {processor.py:163} INFO - Started process (PID=2699) to work on /opt/airflow/dags/ETL.py
[2022-05-03 11:10:28,157] {processor.py:642} INFO - Processing file /opt/airflow/dags/ETL.py for tasks to queue
[2022-05-03 11:10:28,160] {logging_mixin.py:109} INFO - [2022-05-03 11:10:28,160] {dagbag.py:500} INFO - Filling up the DagBag from /opt/airflow/dags/ETL.py
[2022-05-03 11:10:30,020] {logging_mixin.py:109} INFO - All modules were imported successfully
[2022-05-03 11:10:30,070] {processor.py:654} INFO - DAG(s) dict_keys(['ETL']) retrieved from /opt/airflow/dags/ETL.py
[2022-05-03 11:10:30,101] {logging_mixin.py:109} INFO - [2022-05-03 11:10:30,099] {dag.py:2396} INFO - Sync 1 DAGs
[2022-05-03 11:10:30,175] {logging_mixin.py:109} INFO - [2022-05-03 11:10:30,175] {dag.py:2935} INFO - Setting next_dagrun for ETL to 2022-05-03T09:00:00+00:00
[2022-05-03 11:10:30,197] {processor.py:171} INFO - Processing /opt/airflow/dags/ETL.py took 2.053 seconds
