[2022-05-02 22:01:39,650] {processor.py:163} INFO - Started process (PID=260) to work on /opt/airflow/dags/ETL.py
[2022-05-02 22:01:39,658] {processor.py:642} INFO - Processing file /opt/airflow/dags/ETL.py for tasks to queue
[2022-05-02 22:01:39,663] {logging_mixin.py:109} INFO - [2022-05-02 22:01:39,663] {dagbag.py:500} INFO - Filling up the DagBag from /opt/airflow/dags/ETL.py
[2022-05-02 22:01:48,130] {logging_mixin.py:109} INFO - All modules were imported successfully
[2022-05-02 22:01:48,251] {processor.py:654} INFO - DAG(s) dict_keys(['ETL']) retrieved from /opt/airflow/dags/ETL.py
[2022-05-02 22:02:11,040] {logging_mixin.py:109} INFO - [2022-05-02 22:02:11,039] {manager.py:496} INFO - Created Permission View: can edit on DAG:ETL
[2022-05-02 22:02:11,291] {logging_mixin.py:109} INFO - [2022-05-02 22:02:11,290] {manager.py:496} INFO - Created Permission View: can read on DAG:ETL
[2022-05-02 22:02:11,295] {logging_mixin.py:109} INFO - [2022-05-02 22:02:11,294] {dag.py:2396} INFO - Sync 1 DAGs
[2022-05-02 22:02:11,327] {logging_mixin.py:109} INFO - [2022-05-02 22:02:11,326] {dag.py:2415} INFO - Creating ORM DAG for ETL
[2022-05-02 22:02:11,379] {logging_mixin.py:109} INFO - [2022-05-02 22:02:11,379] {dag.py:2935} INFO - Setting next_dagrun for ETL to 2022-05-02T18:00:00+00:00
[2022-05-02 22:02:11,425] {processor.py:171} INFO - Processing /opt/airflow/dags/ETL.py took 31.791 seconds
[2022-05-02 22:17:41,486] {processor.py:163} INFO - Started process (PID=280) to work on /opt/airflow/dags/ETL.py
[2022-05-02 22:17:41,492] {processor.py:642} INFO - Processing file /opt/airflow/dags/ETL.py for tasks to queue
[2022-05-02 22:17:41,500] {logging_mixin.py:109} INFO - [2022-05-02 22:17:41,499] {dagbag.py:500} INFO - Filling up the DagBag from /opt/airflow/dags/ETL.py
[2022-05-02 22:17:49,775] {logging_mixin.py:109} INFO - All modules were imported successfully
[2022-05-02 22:17:49,889] {processor.py:654} INFO - DAG(s) dict_keys(['ETL']) retrieved from /opt/airflow/dags/ETL.py
[2022-05-02 22:18:11,832] {logging_mixin.py:109} INFO - [2022-05-02 22:18:11,831] {manager.py:496} INFO - Created Permission View: can edit on DAG:ETL
[2022-05-02 22:18:12,112] {logging_mixin.py:109} INFO - [2022-05-02 22:18:12,111] {manager.py:496} INFO - Created Permission View: can read on DAG:ETL
[2022-05-02 22:18:12,116] {logging_mixin.py:109} INFO - [2022-05-02 22:18:12,115] {dag.py:2396} INFO - Sync 1 DAGs
[2022-05-02 22:18:12,181] {logging_mixin.py:109} INFO - [2022-05-02 22:18:12,174] {dag.py:2415} INFO - Creating ORM DAG for ETL
[2022-05-02 22:18:12,274] {logging_mixin.py:109} INFO - [2022-05-02 22:18:12,273] {dag.py:2935} INFO - Setting next_dagrun for ETL to 2022-05-02T18:00:00+00:00
[2022-05-02 22:18:12,328] {processor.py:171} INFO - Processing /opt/airflow/dags/ETL.py took 30.857 seconds
[2022-05-02 22:19:12,950] {processor.py:163} INFO - Started process (PID=362) to work on /opt/airflow/dags/ETL.py
[2022-05-02 22:19:12,955] {processor.py:642} INFO - Processing file /opt/airflow/dags/ETL.py for tasks to queue
[2022-05-02 22:19:12,958] {logging_mixin.py:109} INFO - [2022-05-02 22:19:12,958] {dagbag.py:500} INFO - Filling up the DagBag from /opt/airflow/dags/ETL.py
[2022-05-02 22:19:15,292] {logging_mixin.py:109} INFO - All modules were imported successfully
[2022-05-02 22:19:15,342] {processor.py:654} INFO - DAG(s) dict_keys(['ETL']) retrieved from /opt/airflow/dags/ETL.py
[2022-05-02 22:19:15,374] {logging_mixin.py:109} INFO - [2022-05-02 22:19:15,372] {dag.py:2396} INFO - Sync 1 DAGs
[2022-05-02 22:19:15,447] {logging_mixin.py:109} INFO - [2022-05-02 22:19:15,447] {dag.py:2935} INFO - Setting next_dagrun for ETL to 2022-05-02T18:00:00+00:00
[2022-05-02 22:19:15,471] {processor.py:171} INFO - Processing /opt/airflow/dags/ETL.py took 2.534 seconds
[2022-05-02 22:20:15,632] {processor.py:163} INFO - Started process (PID=420) to work on /opt/airflow/dags/ETL.py
[2022-05-02 22:20:15,641] {processor.py:642} INFO - Processing file /opt/airflow/dags/ETL.py for tasks to queue
[2022-05-02 22:20:15,645] {logging_mixin.py:109} INFO - [2022-05-02 22:20:15,644] {dagbag.py:500} INFO - Filling up the DagBag from /opt/airflow/dags/ETL.py
[2022-05-02 22:20:17,889] {logging_mixin.py:109} INFO - All modules were imported successfully
[2022-05-02 22:20:17,938] {processor.py:654} INFO - DAG(s) dict_keys(['ETL']) retrieved from /opt/airflow/dags/ETL.py
[2022-05-02 22:20:17,968] {logging_mixin.py:109} INFO - [2022-05-02 22:20:17,967] {dag.py:2396} INFO - Sync 1 DAGs
[2022-05-02 22:20:18,032] {logging_mixin.py:109} INFO - [2022-05-02 22:20:18,032] {dag.py:2935} INFO - Setting next_dagrun for ETL to 2022-05-02T18:00:00+00:00
[2022-05-02 22:20:18,057] {processor.py:171} INFO - Processing /opt/airflow/dags/ETL.py took 2.434 seconds
[2022-05-02 22:21:18,712] {processor.py:163} INFO - Started process (PID=478) to work on /opt/airflow/dags/ETL.py
[2022-05-02 22:21:18,716] {processor.py:642} INFO - Processing file /opt/airflow/dags/ETL.py for tasks to queue
[2022-05-02 22:21:18,726] {logging_mixin.py:109} INFO - [2022-05-02 22:21:18,726] {dagbag.py:500} INFO - Filling up the DagBag from /opt/airflow/dags/ETL.py
[2022-05-02 22:21:20,722] {logging_mixin.py:109} INFO - All modules were imported successfully
[2022-05-02 22:21:20,774] {processor.py:654} INFO - DAG(s) dict_keys(['ETL']) retrieved from /opt/airflow/dags/ETL.py
[2022-05-02 22:21:20,807] {logging_mixin.py:109} INFO - [2022-05-02 22:21:20,805] {dag.py:2396} INFO - Sync 1 DAGs
[2022-05-02 22:21:20,891] {logging_mixin.py:109} INFO - [2022-05-02 22:21:20,890] {dag.py:2935} INFO - Setting next_dagrun for ETL to 2022-05-02T21:00:00+00:00
[2022-05-02 22:21:20,921] {processor.py:171} INFO - Processing /opt/airflow/dags/ETL.py took 2.219 seconds
[2022-05-02 22:22:21,424] {processor.py:163} INFO - Started process (PID=552) to work on /opt/airflow/dags/ETL.py
[2022-05-02 22:22:21,430] {processor.py:642} INFO - Processing file /opt/airflow/dags/ETL.py for tasks to queue
[2022-05-02 22:22:21,434] {logging_mixin.py:109} INFO - [2022-05-02 22:22:21,434] {dagbag.py:500} INFO - Filling up the DagBag from /opt/airflow/dags/ETL.py
[2022-05-02 22:22:23,625] {logging_mixin.py:109} INFO - All modules were imported successfully
[2022-05-02 22:22:23,704] {processor.py:654} INFO - DAG(s) dict_keys(['ETL']) retrieved from /opt/airflow/dags/ETL.py
[2022-05-02 22:22:23,738] {logging_mixin.py:109} INFO - [2022-05-02 22:22:23,737] {dag.py:2396} INFO - Sync 1 DAGs
[2022-05-02 22:22:23,824] {logging_mixin.py:109} INFO - [2022-05-02 22:22:23,823] {dag.py:2935} INFO - Setting next_dagrun for ETL to 2022-05-02T21:00:00+00:00
[2022-05-02 22:22:23,851] {processor.py:171} INFO - Processing /opt/airflow/dags/ETL.py took 2.437 seconds
[2022-05-02 22:23:24,059] {processor.py:163} INFO - Started process (PID=615) to work on /opt/airflow/dags/ETL.py
[2022-05-02 22:23:24,064] {processor.py:642} INFO - Processing file /opt/airflow/dags/ETL.py for tasks to queue
[2022-05-02 22:23:24,067] {logging_mixin.py:109} INFO - [2022-05-02 22:23:24,066] {dagbag.py:500} INFO - Filling up the DagBag from /opt/airflow/dags/ETL.py
[2022-05-02 22:23:26,347] {logging_mixin.py:109} INFO - All modules were imported successfully
[2022-05-02 22:23:26,400] {processor.py:654} INFO - DAG(s) dict_keys(['ETL']) retrieved from /opt/airflow/dags/ETL.py
[2022-05-02 22:23:26,434] {logging_mixin.py:109} INFO - [2022-05-02 22:23:26,432] {dag.py:2396} INFO - Sync 1 DAGs
[2022-05-02 22:23:26,515] {logging_mixin.py:109} INFO - [2022-05-02 22:23:26,514] {dag.py:2935} INFO - Setting next_dagrun for ETL to 2022-05-02T21:00:00+00:00
[2022-05-02 22:23:26,540] {processor.py:171} INFO - Processing /opt/airflow/dags/ETL.py took 2.489 seconds
[2022-05-02 22:24:27,005] {processor.py:163} INFO - Started process (PID=676) to work on /opt/airflow/dags/ETL.py
[2022-05-02 22:24:27,011] {processor.py:642} INFO - Processing file /opt/airflow/dags/ETL.py for tasks to queue
[2022-05-02 22:24:27,015] {logging_mixin.py:109} INFO - [2022-05-02 22:24:27,015] {dagbag.py:500} INFO - Filling up the DagBag from /opt/airflow/dags/ETL.py
[2022-05-02 22:24:29,303] {logging_mixin.py:109} INFO - All modules were imported successfully
[2022-05-02 22:24:29,366] {processor.py:654} INFO - DAG(s) dict_keys(['ETL']) retrieved from /opt/airflow/dags/ETL.py
[2022-05-02 22:24:29,403] {logging_mixin.py:109} INFO - [2022-05-02 22:24:29,402] {dag.py:2396} INFO - Sync 1 DAGs
[2022-05-02 22:24:29,500] {logging_mixin.py:109} INFO - [2022-05-02 22:24:29,499] {dag.py:2935} INFO - Setting next_dagrun for ETL to 2022-05-02T21:00:00+00:00
[2022-05-02 22:24:29,535] {processor.py:171} INFO - Processing /opt/airflow/dags/ETL.py took 2.538 seconds
[2022-05-02 22:25:29,903] {processor.py:163} INFO - Started process (PID=734) to work on /opt/airflow/dags/ETL.py
[2022-05-02 22:25:29,908] {processor.py:642} INFO - Processing file /opt/airflow/dags/ETL.py for tasks to queue
[2022-05-02 22:25:29,911] {logging_mixin.py:109} INFO - [2022-05-02 22:25:29,911] {dagbag.py:500} INFO - Filling up the DagBag from /opt/airflow/dags/ETL.py
[2022-05-02 22:25:32,193] {logging_mixin.py:109} INFO - All modules were imported successfully
[2022-05-02 22:25:32,256] {processor.py:654} INFO - DAG(s) dict_keys(['ETL']) retrieved from /opt/airflow/dags/ETL.py
[2022-05-02 22:25:32,293] {logging_mixin.py:109} INFO - [2022-05-02 22:25:32,292] {dag.py:2396} INFO - Sync 1 DAGs
[2022-05-02 22:25:32,376] {logging_mixin.py:109} INFO - [2022-05-02 22:25:32,376] {dag.py:2935} INFO - Setting next_dagrun for ETL to 2022-05-02T21:00:00+00:00
[2022-05-02 22:25:32,405] {processor.py:171} INFO - Processing /opt/airflow/dags/ETL.py took 2.510 seconds
[2022-05-02 22:26:32,640] {processor.py:163} INFO - Started process (PID=792) to work on /opt/airflow/dags/ETL.py
[2022-05-02 22:26:32,645] {processor.py:642} INFO - Processing file /opt/airflow/dags/ETL.py for tasks to queue
[2022-05-02 22:26:32,648] {logging_mixin.py:109} INFO - [2022-05-02 22:26:32,648] {dagbag.py:500} INFO - Filling up the DagBag from /opt/airflow/dags/ETL.py
[2022-05-02 22:26:34,867] {logging_mixin.py:109} INFO - All modules were imported successfully
[2022-05-02 22:26:34,920] {processor.py:654} INFO - DAG(s) dict_keys(['ETL']) retrieved from /opt/airflow/dags/ETL.py
[2022-05-02 22:26:34,954] {logging_mixin.py:109} INFO - [2022-05-02 22:26:34,952] {dag.py:2396} INFO - Sync 1 DAGs
[2022-05-02 22:26:35,029] {logging_mixin.py:109} INFO - [2022-05-02 22:26:35,029] {dag.py:2935} INFO - Setting next_dagrun for ETL to 2022-05-02T21:00:00+00:00
[2022-05-02 22:26:35,056] {processor.py:171} INFO - Processing /opt/airflow/dags/ETL.py took 2.425 seconds
[2022-05-02 22:26:52,039] {processor.py:163} INFO - Started process (PID=815) to work on /opt/airflow/dags/ETL.py
[2022-05-02 22:26:52,044] {processor.py:642} INFO - Processing file /opt/airflow/dags/ETL.py for tasks to queue
[2022-05-02 22:26:52,047] {logging_mixin.py:109} INFO - [2022-05-02 22:26:52,046] {dagbag.py:500} INFO - Filling up the DagBag from /opt/airflow/dags/ETL.py
[2022-05-02 22:26:54,200] {logging_mixin.py:109} INFO - All modules were imported successfully
[2022-05-02 22:26:54,265] {processor.py:654} INFO - DAG(s) dict_keys(['ETL']) retrieved from /opt/airflow/dags/ETL.py
[2022-05-02 22:26:54,303] {logging_mixin.py:109} INFO - [2022-05-02 22:26:54,301] {dag.py:2396} INFO - Sync 1 DAGs
[2022-05-02 22:26:54,384] {logging_mixin.py:109} INFO - [2022-05-02 22:26:54,383] {dag.py:2935} INFO - Setting next_dagrun for ETL to 2022-05-02T21:00:00+00:00
[2022-05-02 22:26:54,416] {processor.py:171} INFO - Processing /opt/airflow/dags/ETL.py took 2.384 seconds
[2022-05-02 22:27:55,022] {processor.py:163} INFO - Started process (PID=874) to work on /opt/airflow/dags/ETL.py
[2022-05-02 22:27:55,027] {processor.py:642} INFO - Processing file /opt/airflow/dags/ETL.py for tasks to queue
[2022-05-02 22:27:55,030] {logging_mixin.py:109} INFO - [2022-05-02 22:27:55,030] {dagbag.py:500} INFO - Filling up the DagBag from /opt/airflow/dags/ETL.py
[2022-05-02 22:27:56,910] {logging_mixin.py:109} INFO - All modules were imported successfully
[2022-05-02 22:27:56,974] {processor.py:654} INFO - DAG(s) dict_keys(['ETL']) retrieved from /opt/airflow/dags/ETL.py
[2022-05-02 22:27:57,017] {logging_mixin.py:109} INFO - [2022-05-02 22:27:57,014] {dag.py:2396} INFO - Sync 1 DAGs
[2022-05-02 22:27:57,088] {logging_mixin.py:109} INFO - [2022-05-02 22:27:57,088] {dag.py:2935} INFO - Setting next_dagrun for ETL to 2022-05-02T21:00:00+00:00
[2022-05-02 22:27:57,112] {processor.py:171} INFO - Processing /opt/airflow/dags/ETL.py took 2.097 seconds
[2022-05-02 22:28:57,735] {processor.py:163} INFO - Started process (PID=936) to work on /opt/airflow/dags/ETL.py
[2022-05-02 22:28:57,746] {processor.py:642} INFO - Processing file /opt/airflow/dags/ETL.py for tasks to queue
[2022-05-02 22:28:57,749] {logging_mixin.py:109} INFO - [2022-05-02 22:28:57,749] {dagbag.py:500} INFO - Filling up the DagBag from /opt/airflow/dags/ETL.py
[2022-05-02 22:28:59,568] {logging_mixin.py:109} INFO - All modules were imported successfully
[2022-05-02 22:28:59,624] {processor.py:654} INFO - DAG(s) dict_keys(['ETL']) retrieved from /opt/airflow/dags/ETL.py
[2022-05-02 22:28:59,663] {logging_mixin.py:109} INFO - [2022-05-02 22:28:59,661] {dag.py:2396} INFO - Sync 1 DAGs
[2022-05-02 22:28:59,731] {logging_mixin.py:109} INFO - [2022-05-02 22:28:59,730] {dag.py:2935} INFO - Setting next_dagrun for ETL to 2022-05-02T21:00:00+00:00
[2022-05-02 22:28:59,751] {processor.py:171} INFO - Processing /opt/airflow/dags/ETL.py took 2.024 seconds
[2022-05-02 22:29:02,861] {processor.py:163} INFO - Started process (PID=952) to work on /opt/airflow/dags/ETL.py
[2022-05-02 22:29:02,866] {processor.py:642} INFO - Processing file /opt/airflow/dags/ETL.py for tasks to queue
[2022-05-02 22:29:02,869] {logging_mixin.py:109} INFO - [2022-05-02 22:29:02,868] {dagbag.py:500} INFO - Filling up the DagBag from /opt/airflow/dags/ETL.py
[2022-05-02 22:29:05,313] {logging_mixin.py:109} INFO - All modules were imported successfully
[2022-05-02 22:29:05,373] {processor.py:654} INFO - DAG(s) dict_keys(['ETL']) retrieved from /opt/airflow/dags/ETL.py
[2022-05-02 22:29:05,413] {logging_mixin.py:109} INFO - [2022-05-02 22:29:05,411] {dag.py:2396} INFO - Sync 1 DAGs
[2022-05-02 22:29:05,520] {logging_mixin.py:109} INFO - [2022-05-02 22:29:05,519] {dag.py:2935} INFO - Setting next_dagrun for ETL to 2022-05-02T21:00:00+00:00
[2022-05-02 22:29:05,561] {processor.py:171} INFO - Processing /opt/airflow/dags/ETL.py took 2.709 seconds
[2022-05-02 22:30:06,080] {processor.py:163} INFO - Started process (PID=1016) to work on /opt/airflow/dags/ETL.py
[2022-05-02 22:30:06,096] {processor.py:642} INFO - Processing file /opt/airflow/dags/ETL.py for tasks to queue
[2022-05-02 22:30:06,101] {logging_mixin.py:109} INFO - [2022-05-02 22:30:06,100] {dagbag.py:500} INFO - Filling up the DagBag from /opt/airflow/dags/ETL.py
[2022-05-02 22:30:08,419] {logging_mixin.py:109} INFO - All modules were imported successfully
[2022-05-02 22:30:08,485] {processor.py:654} INFO - DAG(s) dict_keys(['ETL']) retrieved from /opt/airflow/dags/ETL.py
[2022-05-02 22:30:08,532] {logging_mixin.py:109} INFO - [2022-05-02 22:30:08,530] {dag.py:2396} INFO - Sync 1 DAGs
[2022-05-02 22:30:08,610] {logging_mixin.py:109} INFO - [2022-05-02 22:30:08,610] {dag.py:2935} INFO - Setting next_dagrun for ETL to 2022-05-02T21:00:00+00:00
[2022-05-02 22:30:08,638] {processor.py:171} INFO - Processing /opt/airflow/dags/ETL.py took 2.568 seconds
[2022-05-02 22:31:09,282] {processor.py:163} INFO - Started process (PID=1075) to work on /opt/airflow/dags/ETL.py
[2022-05-02 22:31:09,288] {processor.py:642} INFO - Processing file /opt/airflow/dags/ETL.py for tasks to queue
[2022-05-02 22:31:09,292] {logging_mixin.py:109} INFO - [2022-05-02 22:31:09,291] {dagbag.py:500} INFO - Filling up the DagBag from /opt/airflow/dags/ETL.py
[2022-05-02 22:31:11,636] {logging_mixin.py:109} INFO - All modules were imported successfully
[2022-05-02 22:31:11,704] {processor.py:654} INFO - DAG(s) dict_keys(['ETL']) retrieved from /opt/airflow/dags/ETL.py
[2022-05-02 22:31:11,747] {logging_mixin.py:109} INFO - [2022-05-02 22:31:11,744] {dag.py:2396} INFO - Sync 1 DAGs
[2022-05-02 22:31:11,829] {logging_mixin.py:109} INFO - [2022-05-02 22:31:11,828] {dag.py:2935} INFO - Setting next_dagrun for ETL to 2022-05-02T21:00:00+00:00
[2022-05-02 22:31:11,859] {processor.py:171} INFO - Processing /opt/airflow/dags/ETL.py took 2.595 seconds
[2022-05-02 22:31:33,555] {processor.py:163} INFO - Started process (PID=1099) to work on /opt/airflow/dags/ETL.py
[2022-05-02 22:31:33,561] {processor.py:642} INFO - Processing file /opt/airflow/dags/ETL.py for tasks to queue
[2022-05-02 22:31:33,564] {logging_mixin.py:109} INFO - [2022-05-02 22:31:33,564] {dagbag.py:500} INFO - Filling up the DagBag from /opt/airflow/dags/ETL.py
[2022-05-02 22:31:35,873] {logging_mixin.py:109} INFO - All modules were imported successfully
[2022-05-02 22:31:35,939] {processor.py:654} INFO - DAG(s) dict_keys(['ETL']) retrieved from /opt/airflow/dags/ETL.py
[2022-05-02 22:31:35,977] {logging_mixin.py:109} INFO - [2022-05-02 22:31:35,975] {dag.py:2396} INFO - Sync 1 DAGs
[2022-05-02 22:31:36,064] {logging_mixin.py:109} INFO - [2022-05-02 22:31:36,064] {dag.py:2935} INFO - Setting next_dagrun for ETL to 2022-05-02T21:00:00+00:00
[2022-05-02 22:31:36,110] {processor.py:171} INFO - Processing /opt/airflow/dags/ETL.py took 2.563 seconds
[2022-05-02 22:32:36,754] {processor.py:163} INFO - Started process (PID=1157) to work on /opt/airflow/dags/ETL.py
[2022-05-02 22:32:36,759] {processor.py:642} INFO - Processing file /opt/airflow/dags/ETL.py for tasks to queue
[2022-05-02 22:32:36,762] {logging_mixin.py:109} INFO - [2022-05-02 22:32:36,762] {dagbag.py:500} INFO - Filling up the DagBag from /opt/airflow/dags/ETL.py
[2022-05-02 22:32:38,471] {logging_mixin.py:109} INFO - All modules were imported successfully
[2022-05-02 22:32:38,525] {processor.py:654} INFO - DAG(s) dict_keys(['ETL']) retrieved from /opt/airflow/dags/ETL.py
[2022-05-02 22:32:38,561] {logging_mixin.py:109} INFO - [2022-05-02 22:32:38,559] {dag.py:2396} INFO - Sync 1 DAGs
[2022-05-02 22:32:38,625] {logging_mixin.py:109} INFO - [2022-05-02 22:32:38,624] {dag.py:2935} INFO - Setting next_dagrun for ETL to 2022-05-02T21:00:00+00:00
[2022-05-02 22:32:38,646] {processor.py:171} INFO - Processing /opt/airflow/dags/ETL.py took 1.900 seconds
[2022-05-02 22:33:39,141] {processor.py:163} INFO - Started process (PID=1217) to work on /opt/airflow/dags/ETL.py
[2022-05-02 22:33:39,145] {processor.py:642} INFO - Processing file /opt/airflow/dags/ETL.py for tasks to queue
[2022-05-02 22:33:39,149] {logging_mixin.py:109} INFO - [2022-05-02 22:33:39,148] {dagbag.py:500} INFO - Filling up the DagBag from /opt/airflow/dags/ETL.py
[2022-05-02 22:33:40,993] {logging_mixin.py:109} INFO - All modules were imported successfully
[2022-05-02 22:33:41,045] {processor.py:654} INFO - DAG(s) dict_keys(['ETL']) retrieved from /opt/airflow/dags/ETL.py
[2022-05-02 22:33:41,078] {logging_mixin.py:109} INFO - [2022-05-02 22:33:41,076] {dag.py:2396} INFO - Sync 1 DAGs
[2022-05-02 22:33:41,141] {logging_mixin.py:109} INFO - [2022-05-02 22:33:41,141] {dag.py:2935} INFO - Setting next_dagrun for ETL to 2022-05-02T21:00:00+00:00
[2022-05-02 22:33:41,164] {processor.py:171} INFO - Processing /opt/airflow/dags/ETL.py took 2.035 seconds
[2022-05-02 22:34:36,764] {processor.py:163} INFO - Started process (PID=1279) to work on /opt/airflow/dags/ETL.py
[2022-05-02 22:34:36,769] {processor.py:642} INFO - Processing file /opt/airflow/dags/ETL.py for tasks to queue
[2022-05-02 22:34:36,772] {logging_mixin.py:109} INFO - [2022-05-02 22:34:36,772] {dagbag.py:500} INFO - Filling up the DagBag from /opt/airflow/dags/ETL.py
[2022-05-02 22:34:36,794] {logging_mixin.py:109} INFO - [2022-05-02 22:34:36,789] {dagbag.py:334} ERROR - Failed to import: /opt/airflow/dags/ETL.py
Traceback (most recent call last):
  File "/home/airflow/.local/lib/python3.7/site-packages/airflow/models/dagbag.py", line 331, in _load_modules_from_file
    loader.exec_module(new_module)
  File "<frozen importlib._bootstrap_external>", line 724, in exec_module
  File "<frozen importlib._bootstrap_external>", line 860, in get_code
  File "<frozen importlib._bootstrap_external>", line 791, in source_to_code
  File "<frozen importlib._bootstrap>", line 219, in _call_with_frames_removed
  File "/opt/airflow/dags/ETL.py", line 22
    pd.read_sql((f"INSERT into currency."{table_name}"(currency_pair, created_on, current_rate) VALUES (%s, %s, %s)", listToPg), engine)
                                         ^
SyntaxError: invalid syntax
[2022-05-02 22:34:36,829] {processor.py:690} INFO - Deactivated 1 DAGs which are no longer present in /opt/airflow/dags/ETL.py
[2022-05-02 22:34:36,831] {processor.py:656} WARNING - No viable dags retrieved from /opt/airflow/dags/ETL.py
[2022-05-02 22:34:36,856] {processor.py:171} INFO - Processing /opt/airflow/dags/ETL.py took 0.101 seconds
[2022-05-02 22:35:37,506] {processor.py:163} INFO - Started process (PID=1337) to work on /opt/airflow/dags/ETL.py
[2022-05-02 22:35:37,512] {processor.py:642} INFO - Processing file /opt/airflow/dags/ETL.py for tasks to queue
[2022-05-02 22:35:37,516] {logging_mixin.py:109} INFO - [2022-05-02 22:35:37,515] {dagbag.py:500} INFO - Filling up the DagBag from /opt/airflow/dags/ETL.py
[2022-05-02 22:35:37,544] {logging_mixin.py:109} INFO - [2022-05-02 22:35:37,533] {dagbag.py:334} ERROR - Failed to import: /opt/airflow/dags/ETL.py
Traceback (most recent call last):
  File "/home/airflow/.local/lib/python3.7/site-packages/airflow/models/dagbag.py", line 331, in _load_modules_from_file
    loader.exec_module(new_module)
  File "<frozen importlib._bootstrap_external>", line 724, in exec_module
  File "<frozen importlib._bootstrap_external>", line 860, in get_code
  File "<frozen importlib._bootstrap_external>", line 791, in source_to_code
  File "<frozen importlib._bootstrap>", line 219, in _call_with_frames_removed
  File "/opt/airflow/dags/ETL.py", line 22
    pd.read_sql((f"INSERT into currency."{table_name}"(currency_pair, created_on, current_rate) VALUES (%s, %s, %s)", listToPg), engine)
                                         ^
SyntaxError: invalid syntax
[2022-05-02 22:35:37,580] {processor.py:656} WARNING - No viable dags retrieved from /opt/airflow/dags/ETL.py
[2022-05-02 22:35:37,608] {processor.py:171} INFO - Processing /opt/airflow/dags/ETL.py took 0.111 seconds
[2022-05-02 22:35:50,724] {processor.py:163} INFO - Started process (PID=1357) to work on /opt/airflow/dags/ETL.py
[2022-05-02 22:35:50,729] {processor.py:642} INFO - Processing file /opt/airflow/dags/ETL.py for tasks to queue
[2022-05-02 22:35:50,733] {logging_mixin.py:109} INFO - [2022-05-02 22:35:50,732] {dagbag.py:500} INFO - Filling up the DagBag from /opt/airflow/dags/ETL.py
[2022-05-02 22:35:52,996] {logging_mixin.py:109} INFO - All modules were imported successfully
[2022-05-02 22:35:53,056] {processor.py:654} INFO - DAG(s) dict_keys(['ETL']) retrieved from /opt/airflow/dags/ETL.py
[2022-05-02 22:35:53,103] {logging_mixin.py:109} INFO - [2022-05-02 22:35:53,095] {dag.py:2396} INFO - Sync 1 DAGs
[2022-05-02 22:35:53,191] {logging_mixin.py:109} INFO - [2022-05-02 22:35:53,190] {dag.py:2935} INFO - Setting next_dagrun for ETL to 2022-05-02T21:00:00+00:00
[2022-05-02 22:35:53,225] {processor.py:171} INFO - Processing /opt/airflow/dags/ETL.py took 2.510 seconds
[2022-05-02 22:36:53,451] {processor.py:163} INFO - Started process (PID=1415) to work on /opt/airflow/dags/ETL.py
[2022-05-02 22:36:53,457] {processor.py:642} INFO - Processing file /opt/airflow/dags/ETL.py for tasks to queue
[2022-05-02 22:36:53,461] {logging_mixin.py:109} INFO - [2022-05-02 22:36:53,460] {dagbag.py:500} INFO - Filling up the DagBag from /opt/airflow/dags/ETL.py
[2022-05-02 22:36:55,396] {logging_mixin.py:109} INFO - All modules were imported successfully
[2022-05-02 22:36:55,449] {processor.py:654} INFO - DAG(s) dict_keys(['ETL']) retrieved from /opt/airflow/dags/ETL.py
[2022-05-02 22:36:55,485] {logging_mixin.py:109} INFO - [2022-05-02 22:36:55,483] {dag.py:2396} INFO - Sync 1 DAGs
[2022-05-02 22:36:55,560] {logging_mixin.py:109} INFO - [2022-05-02 22:36:55,560] {dag.py:2935} INFO - Setting next_dagrun for ETL to 2022-05-02T21:00:00+00:00
[2022-05-02 22:36:55,585] {processor.py:171} INFO - Processing /opt/airflow/dags/ETL.py took 2.143 seconds
[2022-05-02 22:37:56,297] {processor.py:163} INFO - Started process (PID=1477) to work on /opt/airflow/dags/ETL.py
[2022-05-02 22:37:56,303] {processor.py:642} INFO - Processing file /opt/airflow/dags/ETL.py for tasks to queue
[2022-05-02 22:37:56,308] {logging_mixin.py:109} INFO - [2022-05-02 22:37:56,307] {dagbag.py:500} INFO - Filling up the DagBag from /opt/airflow/dags/ETL.py
[2022-05-02 22:37:58,068] {logging_mixin.py:109} INFO - All modules were imported successfully
[2022-05-02 22:37:58,118] {processor.py:654} INFO - DAG(s) dict_keys(['ETL']) retrieved from /opt/airflow/dags/ETL.py
[2022-05-02 22:37:58,147] {logging_mixin.py:109} INFO - [2022-05-02 22:37:58,146] {dag.py:2396} INFO - Sync 1 DAGs
[2022-05-02 22:37:58,208] {logging_mixin.py:109} INFO - [2022-05-02 22:37:58,208] {dag.py:2935} INFO - Setting next_dagrun for ETL to 2022-05-02T21:00:00+00:00
[2022-05-02 22:37:58,229] {processor.py:171} INFO - Processing /opt/airflow/dags/ETL.py took 1.940 seconds
[2022-05-02 22:38:59,032] {processor.py:163} INFO - Started process (PID=1538) to work on /opt/airflow/dags/ETL.py
[2022-05-02 22:38:59,038] {processor.py:642} INFO - Processing file /opt/airflow/dags/ETL.py for tasks to queue
[2022-05-02 22:38:59,042] {logging_mixin.py:109} INFO - [2022-05-02 22:38:59,041] {dagbag.py:500} INFO - Filling up the DagBag from /opt/airflow/dags/ETL.py
[2022-05-02 22:39:00,928] {logging_mixin.py:109} INFO - All modules were imported successfully
[2022-05-02 22:39:00,982] {processor.py:654} INFO - DAG(s) dict_keys(['ETL']) retrieved from /opt/airflow/dags/ETL.py
[2022-05-02 22:39:01,016] {logging_mixin.py:109} INFO - [2022-05-02 22:39:01,014] {dag.py:2396} INFO - Sync 1 DAGs
[2022-05-02 22:39:01,081] {logging_mixin.py:109} INFO - [2022-05-02 22:39:01,080] {dag.py:2935} INFO - Setting next_dagrun for ETL to 2022-05-02T21:00:00+00:00
[2022-05-02 22:39:01,102] {processor.py:171} INFO - Processing /opt/airflow/dags/ETL.py took 2.078 seconds
[2022-05-02 22:40:01,835] {processor.py:163} INFO - Started process (PID=1610) to work on /opt/airflow/dags/ETL.py
[2022-05-02 22:40:01,839] {processor.py:642} INFO - Processing file /opt/airflow/dags/ETL.py for tasks to queue
[2022-05-02 22:40:01,843] {logging_mixin.py:109} INFO - [2022-05-02 22:40:01,842] {dagbag.py:500} INFO - Filling up the DagBag from /opt/airflow/dags/ETL.py
[2022-05-02 22:40:04,064] {logging_mixin.py:109} INFO - All modules were imported successfully
[2022-05-02 22:40:04,126] {processor.py:654} INFO - DAG(s) dict_keys(['ETL']) retrieved from /opt/airflow/dags/ETL.py
[2022-05-02 22:40:04,172] {logging_mixin.py:109} INFO - [2022-05-02 22:40:04,169] {dag.py:2396} INFO - Sync 1 DAGs
[2022-05-02 22:40:04,254] {logging_mixin.py:109} INFO - [2022-05-02 22:40:04,253] {dag.py:2935} INFO - Setting next_dagrun for ETL to 2022-05-02T21:00:00+00:00
[2022-05-02 22:40:04,282] {processor.py:171} INFO - Processing /opt/airflow/dags/ETL.py took 2.455 seconds
[2022-05-02 22:41:04,783] {processor.py:163} INFO - Started process (PID=1677) to work on /opt/airflow/dags/ETL.py
[2022-05-02 22:41:04,811] {processor.py:642} INFO - Processing file /opt/airflow/dags/ETL.py for tasks to queue
[2022-05-02 22:41:04,817] {logging_mixin.py:109} INFO - [2022-05-02 22:41:04,817] {dagbag.py:500} INFO - Filling up the DagBag from /opt/airflow/dags/ETL.py
[2022-05-02 22:41:07,232] {logging_mixin.py:109} INFO - All modules were imported successfully
[2022-05-02 22:41:07,293] {processor.py:654} INFO - DAG(s) dict_keys(['ETL']) retrieved from /opt/airflow/dags/ETL.py
[2022-05-02 22:41:07,334] {logging_mixin.py:109} INFO - [2022-05-02 22:41:07,329] {dag.py:2396} INFO - Sync 1 DAGs
[2022-05-02 22:41:07,416] {logging_mixin.py:109} INFO - [2022-05-02 22:41:07,416] {dag.py:2935} INFO - Setting next_dagrun for ETL to 2022-05-02T21:00:00+00:00
[2022-05-02 22:41:07,443] {processor.py:171} INFO - Processing /opt/airflow/dags/ETL.py took 2.670 seconds
[2022-05-02 22:41:30,634] {processor.py:163} INFO - Started process (PID=1699) to work on /opt/airflow/dags/ETL.py
[2022-05-02 22:41:30,639] {processor.py:642} INFO - Processing file /opt/airflow/dags/ETL.py for tasks to queue
[2022-05-02 22:41:30,642] {logging_mixin.py:109} INFO - [2022-05-02 22:41:30,642] {dagbag.py:500} INFO - Filling up the DagBag from /opt/airflow/dags/ETL.py
[2022-05-02 22:41:32,765] {logging_mixin.py:109} INFO - All modules were imported successfully
[2022-05-02 22:41:32,828] {processor.py:654} INFO - DAG(s) dict_keys(['ETL']) retrieved from /opt/airflow/dags/ETL.py
[2022-05-02 22:41:32,864] {logging_mixin.py:109} INFO - [2022-05-02 22:41:32,862] {dag.py:2396} INFO - Sync 1 DAGs
[2022-05-02 22:41:32,946] {logging_mixin.py:109} INFO - [2022-05-02 22:41:32,946] {dag.py:2935} INFO - Setting next_dagrun for ETL to 2022-05-02T21:00:00+00:00
[2022-05-02 22:41:32,981] {processor.py:171} INFO - Processing /opt/airflow/dags/ETL.py took 2.359 seconds
[2022-05-02 22:42:33,439] {processor.py:163} INFO - Started process (PID=1761) to work on /opt/airflow/dags/ETL.py
[2022-05-02 22:42:33,444] {processor.py:642} INFO - Processing file /opt/airflow/dags/ETL.py for tasks to queue
[2022-05-02 22:42:33,453] {logging_mixin.py:109} INFO - [2022-05-02 22:42:33,452] {dagbag.py:500} INFO - Filling up the DagBag from /opt/airflow/dags/ETL.py
[2022-05-02 22:42:35,820] {logging_mixin.py:109} INFO - All modules were imported successfully
[2022-05-02 22:42:35,888] {processor.py:654} INFO - DAG(s) dict_keys(['ETL']) retrieved from /opt/airflow/dags/ETL.py
[2022-05-02 22:42:35,927] {logging_mixin.py:109} INFO - [2022-05-02 22:42:35,925] {dag.py:2396} INFO - Sync 1 DAGs
[2022-05-02 22:42:36,005] {logging_mixin.py:109} INFO - [2022-05-02 22:42:36,005] {dag.py:2935} INFO - Setting next_dagrun for ETL to 2022-05-02T21:00:00+00:00
[2022-05-02 22:42:36,031] {processor.py:171} INFO - Processing /opt/airflow/dags/ETL.py took 2.604 seconds
[2022-05-02 22:43:36,101] {processor.py:163} INFO - Started process (PID=1821) to work on /opt/airflow/dags/ETL.py
[2022-05-02 22:43:36,106] {processor.py:642} INFO - Processing file /opt/airflow/dags/ETL.py for tasks to queue
[2022-05-02 22:43:36,110] {logging_mixin.py:109} INFO - [2022-05-02 22:43:36,109] {dagbag.py:500} INFO - Filling up the DagBag from /opt/airflow/dags/ETL.py
[2022-05-02 22:43:37,999] {logging_mixin.py:109} INFO - All modules were imported successfully
[2022-05-02 22:43:38,051] {processor.py:654} INFO - DAG(s) dict_keys(['ETL']) retrieved from /opt/airflow/dags/ETL.py
[2022-05-02 22:43:38,091] {logging_mixin.py:109} INFO - [2022-05-02 22:43:38,089] {dag.py:2396} INFO - Sync 1 DAGs
[2022-05-02 22:43:38,157] {logging_mixin.py:109} INFO - [2022-05-02 22:43:38,157] {dag.py:2935} INFO - Setting next_dagrun for ETL to 2022-05-02T21:00:00+00:00
[2022-05-02 22:43:38,180] {processor.py:171} INFO - Processing /opt/airflow/dags/ETL.py took 2.088 seconds
[2022-05-02 22:44:33,788] {processor.py:163} INFO - Started process (PID=1884) to work on /opt/airflow/dags/ETL.py
[2022-05-02 22:44:33,794] {processor.py:642} INFO - Processing file /opt/airflow/dags/ETL.py for tasks to queue
[2022-05-02 22:44:33,798] {logging_mixin.py:109} INFO - [2022-05-02 22:44:33,797] {dagbag.py:500} INFO - Filling up the DagBag from /opt/airflow/dags/ETL.py
[2022-05-02 22:44:36,044] {logging_mixin.py:109} INFO - All modules were imported successfully
[2022-05-02 22:44:36,100] {processor.py:654} INFO - DAG(s) dict_keys(['ETL']) retrieved from /opt/airflow/dags/ETL.py
[2022-05-02 22:44:36,138] {logging_mixin.py:109} INFO - [2022-05-02 22:44:36,136] {dag.py:2396} INFO - Sync 1 DAGs
[2022-05-02 22:44:36,226] {logging_mixin.py:109} INFO - [2022-05-02 22:44:36,225] {dag.py:2935} INFO - Setting next_dagrun for ETL to 2022-05-02T21:00:00+00:00
[2022-05-02 22:44:36,259] {processor.py:171} INFO - Processing /opt/airflow/dags/ETL.py took 2.482 seconds
[2022-05-02 22:45:36,490] {processor.py:163} INFO - Started process (PID=1942) to work on /opt/airflow/dags/ETL.py
[2022-05-02 22:45:36,497] {processor.py:642} INFO - Processing file /opt/airflow/dags/ETL.py for tasks to queue
[2022-05-02 22:45:36,506] {logging_mixin.py:109} INFO - [2022-05-02 22:45:36,506] {dagbag.py:500} INFO - Filling up the DagBag from /opt/airflow/dags/ETL.py
[2022-05-02 22:45:38,377] {logging_mixin.py:109} INFO - All modules were imported successfully
[2022-05-02 22:45:38,435] {processor.py:654} INFO - DAG(s) dict_keys(['ETL']) retrieved from /opt/airflow/dags/ETL.py
[2022-05-02 22:45:38,473] {logging_mixin.py:109} INFO - [2022-05-02 22:45:38,471] {dag.py:2396} INFO - Sync 1 DAGs
[2022-05-02 22:45:38,546] {logging_mixin.py:109} INFO - [2022-05-02 22:45:38,545] {dag.py:2935} INFO - Setting next_dagrun for ETL to 2022-05-02T21:00:00+00:00
[2022-05-02 22:45:38,572] {processor.py:171} INFO - Processing /opt/airflow/dags/ETL.py took 2.090 seconds
[2022-05-02 22:46:39,276] {processor.py:163} INFO - Started process (PID=2000) to work on /opt/airflow/dags/ETL.py
[2022-05-02 22:46:39,282] {processor.py:642} INFO - Processing file /opt/airflow/dags/ETL.py for tasks to queue
[2022-05-02 22:46:39,284] {logging_mixin.py:109} INFO - [2022-05-02 22:46:39,284] {dagbag.py:500} INFO - Filling up the DagBag from /opt/airflow/dags/ETL.py
[2022-05-02 22:46:41,506] {logging_mixin.py:109} INFO - All modules were imported successfully
[2022-05-02 22:46:41,557] {processor.py:654} INFO - DAG(s) dict_keys(['ETL']) retrieved from /opt/airflow/dags/ETL.py
[2022-05-02 22:46:41,616] {logging_mixin.py:109} INFO - [2022-05-02 22:46:41,613] {dag.py:2396} INFO - Sync 1 DAGs
[2022-05-02 22:46:41,728] {logging_mixin.py:109} INFO - [2022-05-02 22:46:41,727] {dag.py:2935} INFO - Setting next_dagrun for ETL to 2022-05-02T21:00:00+00:00
[2022-05-02 22:46:41,768] {processor.py:171} INFO - Processing /opt/airflow/dags/ETL.py took 2.499 seconds
[2022-05-02 22:47:41,930] {processor.py:163} INFO - Started process (PID=2073) to work on /opt/airflow/dags/ETL.py
[2022-05-02 22:47:41,958] {processor.py:642} INFO - Processing file /opt/airflow/dags/ETL.py for tasks to queue
[2022-05-02 22:47:41,963] {logging_mixin.py:109} INFO - [2022-05-02 22:47:41,962] {dagbag.py:500} INFO - Filling up the DagBag from /opt/airflow/dags/ETL.py
[2022-05-02 22:47:44,354] {logging_mixin.py:109} INFO - All modules were imported successfully
[2022-05-02 22:47:44,417] {processor.py:654} INFO - DAG(s) dict_keys(['ETL']) retrieved from /opt/airflow/dags/ETL.py
[2022-05-02 22:47:44,457] {logging_mixin.py:109} INFO - [2022-05-02 22:47:44,455] {dag.py:2396} INFO - Sync 1 DAGs
[2022-05-02 22:47:44,542] {logging_mixin.py:109} INFO - [2022-05-02 22:47:44,541] {dag.py:2935} INFO - Setting next_dagrun for ETL to 2022-05-02T21:00:00+00:00
[2022-05-02 22:47:44,570] {processor.py:171} INFO - Processing /opt/airflow/dags/ETL.py took 2.657 seconds
[2022-05-02 22:47:45,254] {processor.py:163} INFO - Started process (PID=2085) to work on /opt/airflow/dags/ETL.py
[2022-05-02 22:47:45,265] {processor.py:642} INFO - Processing file /opt/airflow/dags/ETL.py for tasks to queue
[2022-05-02 22:47:45,269] {logging_mixin.py:109} INFO - [2022-05-02 22:47:45,268] {dagbag.py:500} INFO - Filling up the DagBag from /opt/airflow/dags/ETL.py
[2022-05-02 22:47:47,620] {logging_mixin.py:109} INFO - All modules were imported successfully
[2022-05-02 22:47:47,691] {processor.py:654} INFO - DAG(s) dict_keys(['ETL']) retrieved from /opt/airflow/dags/ETL.py
[2022-05-02 22:47:47,737] {logging_mixin.py:109} INFO - [2022-05-02 22:47:47,735] {dag.py:2396} INFO - Sync 1 DAGs
[2022-05-02 22:47:47,835] {logging_mixin.py:109} INFO - [2022-05-02 22:47:47,834] {dag.py:2935} INFO - Setting next_dagrun for ETL to 2022-05-02T21:00:00+00:00
[2022-05-02 22:47:47,871] {processor.py:171} INFO - Processing /opt/airflow/dags/ETL.py took 2.628 seconds
[2022-05-02 22:48:48,294] {processor.py:163} INFO - Started process (PID=2147) to work on /opt/airflow/dags/ETL.py
[2022-05-02 22:48:48,300] {processor.py:642} INFO - Processing file /opt/airflow/dags/ETL.py for tasks to queue
[2022-05-02 22:48:48,303] {logging_mixin.py:109} INFO - [2022-05-02 22:48:48,302] {dagbag.py:500} INFO - Filling up the DagBag from /opt/airflow/dags/ETL.py
[2022-05-02 22:48:50,467] {logging_mixin.py:109} INFO - All modules were imported successfully
[2022-05-02 22:48:50,537] {processor.py:654} INFO - DAG(s) dict_keys(['ETL']) retrieved from /opt/airflow/dags/ETL.py
[2022-05-02 22:48:50,578] {logging_mixin.py:109} INFO - [2022-05-02 22:48:50,576] {dag.py:2396} INFO - Sync 1 DAGs
[2022-05-02 22:48:50,656] {logging_mixin.py:109} INFO - [2022-05-02 22:48:50,655] {dag.py:2935} INFO - Setting next_dagrun for ETL to 2022-05-02T21:00:00+00:00
[2022-05-02 22:48:50,684] {processor.py:171} INFO - Processing /opt/airflow/dags/ETL.py took 2.397 seconds
[2022-05-02 22:49:32,875] {processor.py:163} INFO - Started process (PID=2187) to work on /opt/airflow/dags/ETL.py
[2022-05-02 22:49:32,880] {processor.py:642} INFO - Processing file /opt/airflow/dags/ETL.py for tasks to queue
[2022-05-02 22:49:32,883] {logging_mixin.py:109} INFO - [2022-05-02 22:49:32,883] {dagbag.py:500} INFO - Filling up the DagBag from /opt/airflow/dags/ETL.py
[2022-05-02 22:49:35,067] {logging_mixin.py:109} INFO - All modules were imported successfully
[2022-05-02 22:49:35,123] {processor.py:654} INFO - DAG(s) dict_keys(['ETL']) retrieved from /opt/airflow/dags/ETL.py
[2022-05-02 22:49:35,159] {logging_mixin.py:109} INFO - [2022-05-02 22:49:35,157] {dag.py:2396} INFO - Sync 1 DAGs
[2022-05-02 22:49:35,231] {logging_mixin.py:109} INFO - [2022-05-02 22:49:35,231] {dag.py:2935} INFO - Setting next_dagrun for ETL to 2022-05-02T21:00:00+00:00
[2022-05-02 22:49:35,271] {processor.py:171} INFO - Processing /opt/airflow/dags/ETL.py took 2.406 seconds
[2022-05-02 22:50:35,616] {processor.py:163} INFO - Started process (PID=2246) to work on /opt/airflow/dags/ETL.py
[2022-05-02 22:50:35,621] {processor.py:642} INFO - Processing file /opt/airflow/dags/ETL.py for tasks to queue
[2022-05-02 22:50:35,629] {logging_mixin.py:109} INFO - [2022-05-02 22:50:35,628] {dagbag.py:500} INFO - Filling up the DagBag from /opt/airflow/dags/ETL.py
[2022-05-02 22:50:37,421] {logging_mixin.py:109} INFO - All modules were imported successfully
[2022-05-02 22:50:37,469] {processor.py:654} INFO - DAG(s) dict_keys(['ETL']) retrieved from /opt/airflow/dags/ETL.py
[2022-05-02 22:50:37,502] {logging_mixin.py:109} INFO - [2022-05-02 22:50:37,499] {dag.py:2396} INFO - Sync 1 DAGs
[2022-05-02 22:50:37,567] {logging_mixin.py:109} INFO - [2022-05-02 22:50:37,566] {dag.py:2935} INFO - Setting next_dagrun for ETL to 2022-05-02T21:00:00+00:00
[2022-05-02 22:50:37,588] {processor.py:171} INFO - Processing /opt/airflow/dags/ETL.py took 1.981 seconds
[2022-05-02 22:51:38,391] {processor.py:163} INFO - Started process (PID=2308) to work on /opt/airflow/dags/ETL.py
[2022-05-02 22:51:38,396] {processor.py:642} INFO - Processing file /opt/airflow/dags/ETL.py for tasks to queue
[2022-05-02 22:51:38,399] {logging_mixin.py:109} INFO - [2022-05-02 22:51:38,398] {dagbag.py:500} INFO - Filling up the DagBag from /opt/airflow/dags/ETL.py
[2022-05-02 22:51:40,156] {logging_mixin.py:109} INFO - All modules were imported successfully
[2022-05-02 22:51:40,206] {processor.py:654} INFO - DAG(s) dict_keys(['ETL']) retrieved from /opt/airflow/dags/ETL.py
[2022-05-02 22:51:40,237] {logging_mixin.py:109} INFO - [2022-05-02 22:51:40,235] {dag.py:2396} INFO - Sync 1 DAGs
[2022-05-02 22:51:40,299] {logging_mixin.py:109} INFO - [2022-05-02 22:51:40,298] {dag.py:2935} INFO - Setting next_dagrun for ETL to 2022-05-02T21:00:00+00:00
[2022-05-02 22:51:40,321] {processor.py:171} INFO - Processing /opt/airflow/dags/ETL.py took 1.937 seconds
[2022-05-02 22:52:41,077] {processor.py:163} INFO - Started process (PID=2368) to work on /opt/airflow/dags/ETL.py
[2022-05-02 22:52:41,082] {processor.py:642} INFO - Processing file /opt/airflow/dags/ETL.py for tasks to queue
[2022-05-02 22:52:41,085] {logging_mixin.py:109} INFO - [2022-05-02 22:52:41,085] {dagbag.py:500} INFO - Filling up the DagBag from /opt/airflow/dags/ETL.py
[2022-05-02 22:52:43,092] {logging_mixin.py:109} INFO - All modules were imported successfully
[2022-05-02 22:52:43,154] {processor.py:654} INFO - DAG(s) dict_keys(['ETL']) retrieved from /opt/airflow/dags/ETL.py
[2022-05-02 22:52:43,194] {logging_mixin.py:109} INFO - [2022-05-02 22:52:43,192] {dag.py:2396} INFO - Sync 1 DAGs
[2022-05-02 22:52:43,273] {logging_mixin.py:109} INFO - [2022-05-02 22:52:43,272] {dag.py:2935} INFO - Setting next_dagrun for ETL to 2022-05-02T21:00:00+00:00
[2022-05-02 22:52:43,300] {processor.py:171} INFO - Processing /opt/airflow/dags/ETL.py took 2.231 seconds
[2022-05-02 22:53:43,895] {processor.py:163} INFO - Started process (PID=2450) to work on /opt/airflow/dags/ETL.py
[2022-05-02 22:53:43,900] {processor.py:642} INFO - Processing file /opt/airflow/dags/ETL.py for tasks to queue
[2022-05-02 22:53:43,904] {logging_mixin.py:109} INFO - [2022-05-02 22:53:43,903] {dagbag.py:500} INFO - Filling up the DagBag from /opt/airflow/dags/ETL.py
[2022-05-02 22:53:46,021] {logging_mixin.py:109} INFO - All modules were imported successfully
[2022-05-02 22:53:46,079] {processor.py:654} INFO - DAG(s) dict_keys(['ETL']) retrieved from /opt/airflow/dags/ETL.py
[2022-05-02 22:53:46,122] {logging_mixin.py:109} INFO - [2022-05-02 22:53:46,120] {dag.py:2396} INFO - Sync 1 DAGs
[2022-05-02 22:53:46,205] {logging_mixin.py:109} INFO - [2022-05-02 22:53:46,205] {dag.py:2935} INFO - Setting next_dagrun for ETL to 2022-05-02T21:00:00+00:00
[2022-05-02 22:53:46,230] {processor.py:171} INFO - Processing /opt/airflow/dags/ETL.py took 2.343 seconds
[2022-05-02 22:54:46,588] {processor.py:163} INFO - Started process (PID=2512) to work on /opt/airflow/dags/ETL.py
[2022-05-02 22:54:46,596] {processor.py:642} INFO - Processing file /opt/airflow/dags/ETL.py for tasks to queue
[2022-05-02 22:54:46,599] {logging_mixin.py:109} INFO - [2022-05-02 22:54:46,598] {dagbag.py:500} INFO - Filling up the DagBag from /opt/airflow/dags/ETL.py
[2022-05-02 22:54:48,758] {logging_mixin.py:109} INFO - All modules were imported successfully
[2022-05-02 22:54:48,822] {processor.py:654} INFO - DAG(s) dict_keys(['ETL']) retrieved from /opt/airflow/dags/ETL.py
[2022-05-02 22:54:48,864] {logging_mixin.py:109} INFO - [2022-05-02 22:54:48,862] {dag.py:2396} INFO - Sync 1 DAGs
[2022-05-02 22:54:48,940] {logging_mixin.py:109} INFO - [2022-05-02 22:54:48,940] {dag.py:2935} INFO - Setting next_dagrun for ETL to 2022-05-02T21:00:00+00:00
[2022-05-02 22:54:48,966] {processor.py:171} INFO - Processing /opt/airflow/dags/ETL.py took 2.386 seconds
[2022-05-02 22:54:57,048] {processor.py:163} INFO - Started process (PID=2518) to work on /opt/airflow/dags/ETL.py
[2022-05-02 22:54:57,053] {processor.py:642} INFO - Processing file /opt/airflow/dags/ETL.py for tasks to queue
[2022-05-02 22:54:57,057] {logging_mixin.py:109} INFO - [2022-05-02 22:54:57,057] {dagbag.py:500} INFO - Filling up the DagBag from /opt/airflow/dags/ETL.py
[2022-05-02 22:54:58,800] {logging_mixin.py:109} INFO - All modules were imported successfully
[2022-05-02 22:54:58,849] {processor.py:654} INFO - DAG(s) dict_keys(['ETL']) retrieved from /opt/airflow/dags/ETL.py
[2022-05-02 22:54:58,880] {logging_mixin.py:109} INFO - [2022-05-02 22:54:58,878] {dag.py:2396} INFO - Sync 1 DAGs
[2022-05-02 22:54:58,947] {logging_mixin.py:109} INFO - [2022-05-02 22:54:58,947] {dag.py:2935} INFO - Setting next_dagrun for ETL to 2022-05-02T21:00:00+00:00
[2022-05-02 22:54:58,975] {processor.py:171} INFO - Processing /opt/airflow/dags/ETL.py took 1.935 seconds
[2022-05-02 22:55:59,567] {processor.py:163} INFO - Started process (PID=2578) to work on /opt/airflow/dags/ETL.py
[2022-05-02 22:55:59,573] {processor.py:642} INFO - Processing file /opt/airflow/dags/ETL.py for tasks to queue
[2022-05-02 22:55:59,577] {logging_mixin.py:109} INFO - [2022-05-02 22:55:59,577] {dagbag.py:500} INFO - Filling up the DagBag from /opt/airflow/dags/ETL.py
[2022-05-02 22:56:01,412] {logging_mixin.py:109} INFO - All modules were imported successfully
[2022-05-02 22:56:01,462] {processor.py:654} INFO - DAG(s) dict_keys(['ETL']) retrieved from /opt/airflow/dags/ETL.py
[2022-05-02 22:56:01,497] {logging_mixin.py:109} INFO - [2022-05-02 22:56:01,495] {dag.py:2396} INFO - Sync 1 DAGs
[2022-05-02 22:56:01,568] {logging_mixin.py:109} INFO - [2022-05-02 22:56:01,567] {dag.py:2935} INFO - Setting next_dagrun for ETL to 2022-05-02T21:00:00+00:00
[2022-05-02 22:56:01,592] {processor.py:171} INFO - Processing /opt/airflow/dags/ETL.py took 2.038 seconds
[2022-05-02 22:57:02,274] {processor.py:163} INFO - Started process (PID=2647) to work on /opt/airflow/dags/ETL.py
[2022-05-02 22:57:02,280] {processor.py:642} INFO - Processing file /opt/airflow/dags/ETL.py for tasks to queue
[2022-05-02 22:57:02,283] {logging_mixin.py:109} INFO - [2022-05-02 22:57:02,282] {dagbag.py:500} INFO - Filling up the DagBag from /opt/airflow/dags/ETL.py
[2022-05-02 22:57:04,495] {logging_mixin.py:109} INFO - All modules were imported successfully
[2022-05-02 22:57:04,556] {processor.py:654} INFO - DAG(s) dict_keys(['ETL']) retrieved from /opt/airflow/dags/ETL.py
[2022-05-02 22:57:04,594] {logging_mixin.py:109} INFO - [2022-05-02 22:57:04,591] {dag.py:2396} INFO - Sync 1 DAGs
[2022-05-02 22:57:04,676] {logging_mixin.py:109} INFO - [2022-05-02 22:57:04,676] {dag.py:2935} INFO - Setting next_dagrun for ETL to 2022-05-02T21:00:00+00:00
[2022-05-02 22:57:04,708] {processor.py:171} INFO - Processing /opt/airflow/dags/ETL.py took 2.442 seconds
[2022-05-02 22:57:06,358] {processor.py:163} INFO - Started process (PID=2659) to work on /opt/airflow/dags/ETL.py
[2022-05-02 22:57:06,362] {processor.py:642} INFO - Processing file /opt/airflow/dags/ETL.py for tasks to queue
[2022-05-02 22:57:06,365] {logging_mixin.py:109} INFO - [2022-05-02 22:57:06,364] {dagbag.py:500} INFO - Filling up the DagBag from /opt/airflow/dags/ETL.py
[2022-05-02 22:57:08,617] {logging_mixin.py:109} INFO - All modules were imported successfully
[2022-05-02 22:57:08,684] {processor.py:654} INFO - DAG(s) dict_keys(['ETL']) retrieved from /opt/airflow/dags/ETL.py
[2022-05-02 22:57:08,784] {logging_mixin.py:109} INFO - [2022-05-02 22:57:08,777] {dag.py:2396} INFO - Sync 1 DAGs
[2022-05-02 22:57:08,896] {logging_mixin.py:109} INFO - [2022-05-02 22:57:08,896] {dag.py:2935} INFO - Setting next_dagrun for ETL to 2022-05-02T21:00:00+00:00
[2022-05-02 22:57:08,939] {processor.py:171} INFO - Processing /opt/airflow/dags/ETL.py took 2.588 seconds
[2022-05-02 22:58:09,600] {processor.py:163} INFO - Started process (PID=2721) to work on /opt/airflow/dags/ETL.py
[2022-05-02 22:58:09,614] {processor.py:642} INFO - Processing file /opt/airflow/dags/ETL.py for tasks to queue
[2022-05-02 22:58:09,619] {logging_mixin.py:109} INFO - [2022-05-02 22:58:09,619] {dagbag.py:500} INFO - Filling up the DagBag from /opt/airflow/dags/ETL.py
[2022-05-02 22:58:12,160] {logging_mixin.py:109} INFO - All modules were imported successfully
[2022-05-02 22:58:12,225] {processor.py:654} INFO - DAG(s) dict_keys(['ETL']) retrieved from /opt/airflow/dags/ETL.py
[2022-05-02 22:58:12,262] {logging_mixin.py:109} INFO - [2022-05-02 22:58:12,260] {dag.py:2396} INFO - Sync 1 DAGs
[2022-05-02 22:58:12,343] {logging_mixin.py:109} INFO - [2022-05-02 22:58:12,343] {dag.py:2935} INFO - Setting next_dagrun for ETL to 2022-05-02T21:00:00+00:00
[2022-05-02 22:58:12,372] {processor.py:171} INFO - Processing /opt/airflow/dags/ETL.py took 2.788 seconds
[2022-05-02 22:59:12,879] {processor.py:163} INFO - Started process (PID=2779) to work on /opt/airflow/dags/ETL.py
[2022-05-02 22:59:12,883] {processor.py:642} INFO - Processing file /opt/airflow/dags/ETL.py for tasks to queue
[2022-05-02 22:59:12,886] {logging_mixin.py:109} INFO - [2022-05-02 22:59:12,885] {dagbag.py:500} INFO - Filling up the DagBag from /opt/airflow/dags/ETL.py
[2022-05-02 22:59:15,321] {logging_mixin.py:109} INFO - All modules were imported successfully
[2022-05-02 22:59:15,384] {processor.py:654} INFO - DAG(s) dict_keys(['ETL']) retrieved from /opt/airflow/dags/ETL.py
[2022-05-02 22:59:15,419] {logging_mixin.py:109} INFO - [2022-05-02 22:59:15,417] {dag.py:2396} INFO - Sync 1 DAGs
[2022-05-02 22:59:15,493] {logging_mixin.py:109} INFO - [2022-05-02 22:59:15,492] {dag.py:2935} INFO - Setting next_dagrun for ETL to 2022-05-02T21:00:00+00:00
[2022-05-02 22:59:15,520] {processor.py:171} INFO - Processing /opt/airflow/dags/ETL.py took 2.650 seconds
[2022-05-02 23:00:15,874] {processor.py:163} INFO - Started process (PID=2844) to work on /opt/airflow/dags/ETL.py
[2022-05-02 23:00:15,879] {processor.py:642} INFO - Processing file /opt/airflow/dags/ETL.py for tasks to queue
[2022-05-02 23:00:15,883] {logging_mixin.py:109} INFO - [2022-05-02 23:00:15,883] {dagbag.py:500} INFO - Filling up the DagBag from /opt/airflow/dags/ETL.py
[2022-05-02 23:00:17,706] {logging_mixin.py:109} INFO - All modules were imported successfully
[2022-05-02 23:00:17,765] {processor.py:654} INFO - DAG(s) dict_keys(['ETL']) retrieved from /opt/airflow/dags/ETL.py
[2022-05-02 23:00:17,798] {logging_mixin.py:109} INFO - [2022-05-02 23:00:17,796] {dag.py:2396} INFO - Sync 1 DAGs
[2022-05-02 23:00:17,864] {logging_mixin.py:109} INFO - [2022-05-02 23:00:17,864] {dag.py:2935} INFO - Setting next_dagrun for ETL to 2022-05-02T21:00:00+00:00
[2022-05-02 23:00:17,886] {processor.py:171} INFO - Processing /opt/airflow/dags/ETL.py took 2.020 seconds
[2022-05-02 23:00:51,281] {processor.py:163} INFO - Started process (PID=2886) to work on /opt/airflow/dags/ETL.py
[2022-05-02 23:00:51,286] {processor.py:642} INFO - Processing file /opt/airflow/dags/ETL.py for tasks to queue
[2022-05-02 23:00:51,289] {logging_mixin.py:109} INFO - [2022-05-02 23:00:51,289] {dagbag.py:500} INFO - Filling up the DagBag from /opt/airflow/dags/ETL.py
[2022-05-02 23:00:53,568] {logging_mixin.py:109} INFO - All modules were imported successfully
[2022-05-02 23:00:53,631] {processor.py:654} INFO - DAG(s) dict_keys(['ETL']) retrieved from /opt/airflow/dags/ETL.py
[2022-05-02 23:00:53,672] {logging_mixin.py:109} INFO - [2022-05-02 23:00:53,670] {dag.py:2396} INFO - Sync 1 DAGs
[2022-05-02 23:00:53,749] {logging_mixin.py:109} INFO - [2022-05-02 23:00:53,748] {dag.py:2935} INFO - Setting next_dagrun for ETL to 2022-05-02T21:00:00+00:00
[2022-05-02 23:00:53,783] {processor.py:171} INFO - Processing /opt/airflow/dags/ETL.py took 2.510 seconds
[2022-05-02 23:01:53,942] {processor.py:163} INFO - Started process (PID=2948) to work on /opt/airflow/dags/ETL.py
[2022-05-02 23:01:53,950] {processor.py:642} INFO - Processing file /opt/airflow/dags/ETL.py for tasks to queue
[2022-05-02 23:01:53,958] {logging_mixin.py:109} INFO - [2022-05-02 23:01:53,957] {dagbag.py:500} INFO - Filling up the DagBag from /opt/airflow/dags/ETL.py
[2022-05-02 23:01:56,075] {logging_mixin.py:109} INFO - All modules were imported successfully
[2022-05-02 23:01:56,137] {processor.py:654} INFO - DAG(s) dict_keys(['ETL']) retrieved from /opt/airflow/dags/ETL.py
[2022-05-02 23:01:56,172] {logging_mixin.py:109} INFO - [2022-05-02 23:01:56,169] {dag.py:2396} INFO - Sync 1 DAGs
[2022-05-02 23:01:56,243] {logging_mixin.py:109} INFO - [2022-05-02 23:01:56,243] {dag.py:2935} INFO - Setting next_dagrun for ETL to 2022-05-02T21:00:00+00:00
[2022-05-02 23:01:56,269] {processor.py:171} INFO - Processing /opt/airflow/dags/ETL.py took 2.335 seconds
[2022-05-02 23:02:16,609] {processor.py:163} INFO - Started process (PID=2973) to work on /opt/airflow/dags/ETL.py
[2022-05-02 23:02:16,614] {processor.py:642} INFO - Processing file /opt/airflow/dags/ETL.py for tasks to queue
[2022-05-02 23:02:16,616] {logging_mixin.py:109} INFO - [2022-05-02 23:02:16,616] {dagbag.py:500} INFO - Filling up the DagBag from /opt/airflow/dags/ETL.py
[2022-05-02 23:02:18,681] {logging_mixin.py:109} INFO - All modules were imported successfully
[2022-05-02 23:02:18,736] {processor.py:654} INFO - DAG(s) dict_keys(['ETL']) retrieved from /opt/airflow/dags/ETL.py
[2022-05-02 23:02:18,772] {logging_mixin.py:109} INFO - [2022-05-02 23:02:18,770] {dag.py:2396} INFO - Sync 1 DAGs
[2022-05-02 23:02:18,844] {logging_mixin.py:109} INFO - [2022-05-02 23:02:18,843] {dag.py:2935} INFO - Setting next_dagrun for ETL to 2022-05-02T21:00:00+00:00
[2022-05-02 23:02:18,878] {processor.py:171} INFO - Processing /opt/airflow/dags/ETL.py took 2.277 seconds
[2022-05-02 23:03:19,492] {processor.py:163} INFO - Started process (PID=3031) to work on /opt/airflow/dags/ETL.py
[2022-05-02 23:03:19,498] {processor.py:642} INFO - Processing file /opt/airflow/dags/ETL.py for tasks to queue
[2022-05-02 23:03:19,501] {logging_mixin.py:109} INFO - [2022-05-02 23:03:19,501] {dagbag.py:500} INFO - Filling up the DagBag from /opt/airflow/dags/ETL.py
[2022-05-02 23:03:21,327] {logging_mixin.py:109} INFO - All modules were imported successfully
[2022-05-02 23:03:21,377] {processor.py:654} INFO - DAG(s) dict_keys(['ETL']) retrieved from /opt/airflow/dags/ETL.py
[2022-05-02 23:03:21,409] {logging_mixin.py:109} INFO - [2022-05-02 23:03:21,407] {dag.py:2396} INFO - Sync 1 DAGs
[2022-05-02 23:03:21,785] {logging_mixin.py:109} INFO - [2022-05-02 23:03:21,784] {dag.py:2935} INFO - Setting next_dagrun for ETL to 2022-05-02T21:00:00+00:00
[2022-05-02 23:03:21,814] {processor.py:171} INFO - Processing /opt/airflow/dags/ETL.py took 2.333 seconds
[2022-05-02 23:03:23,891] {processor.py:163} INFO - Started process (PID=3056) to work on /opt/airflow/dags/ETL.py
[2022-05-02 23:03:23,895] {processor.py:642} INFO - Processing file /opt/airflow/dags/ETL.py for tasks to queue
[2022-05-02 23:03:23,898] {logging_mixin.py:109} INFO - [2022-05-02 23:03:23,898] {dagbag.py:500} INFO - Filling up the DagBag from /opt/airflow/dags/ETL.py
[2022-05-02 23:03:26,080] {logging_mixin.py:109} INFO - All modules were imported successfully
[2022-05-02 23:03:26,134] {processor.py:654} INFO - DAG(s) dict_keys(['ETL']) retrieved from /opt/airflow/dags/ETL.py
[2022-05-02 23:03:26,174] {logging_mixin.py:109} INFO - [2022-05-02 23:03:26,173] {dag.py:2396} INFO - Sync 1 DAGs
[2022-05-02 23:03:26,373] {logging_mixin.py:109} INFO - [2022-05-02 23:03:26,373] {dag.py:2935} INFO - Setting next_dagrun for ETL to 2022-05-02T21:00:00+00:00
[2022-05-02 23:03:26,406] {processor.py:171} INFO - Processing /opt/airflow/dags/ETL.py took 2.523 seconds
[2022-05-02 23:04:27,230] {processor.py:163} INFO - Started process (PID=3119) to work on /opt/airflow/dags/ETL.py
[2022-05-02 23:04:27,236] {processor.py:642} INFO - Processing file /opt/airflow/dags/ETL.py for tasks to queue
[2022-05-02 23:04:27,241] {logging_mixin.py:109} INFO - [2022-05-02 23:04:27,240] {dagbag.py:500} INFO - Filling up the DagBag from /opt/airflow/dags/ETL.py
[2022-05-02 23:04:29,433] {logging_mixin.py:109} INFO - All modules were imported successfully
[2022-05-02 23:04:29,493] {processor.py:654} INFO - DAG(s) dict_keys(['ETL']) retrieved from /opt/airflow/dags/ETL.py
[2022-05-02 23:04:29,527] {logging_mixin.py:109} INFO - [2022-05-02 23:04:29,525] {dag.py:2396} INFO - Sync 1 DAGs
[2022-05-02 23:04:29,600] {logging_mixin.py:109} INFO - [2022-05-02 23:04:29,599] {dag.py:2935} INFO - Setting next_dagrun for ETL to 2022-05-02T21:00:00+00:00
[2022-05-02 23:04:29,631] {processor.py:171} INFO - Processing /opt/airflow/dags/ETL.py took 2.409 seconds
[2022-05-02 23:05:30,207] {processor.py:163} INFO - Started process (PID=3175) to work on /opt/airflow/dags/ETL.py
[2022-05-02 23:05:30,213] {processor.py:642} INFO - Processing file /opt/airflow/dags/ETL.py for tasks to queue
[2022-05-02 23:05:30,219] {logging_mixin.py:109} INFO - [2022-05-02 23:05:30,218] {dagbag.py:500} INFO - Filling up the DagBag from /opt/airflow/dags/ETL.py
[2022-05-02 23:05:32,151] {logging_mixin.py:109} INFO - All modules were imported successfully
[2022-05-02 23:05:32,217] {processor.py:654} INFO - DAG(s) dict_keys(['ETL']) retrieved from /opt/airflow/dags/ETL.py
[2022-05-02 23:05:32,262] {logging_mixin.py:109} INFO - [2022-05-02 23:05:32,251] {dag.py:2396} INFO - Sync 1 DAGs
[2022-05-02 23:05:32,339] {logging_mixin.py:109} INFO - [2022-05-02 23:05:32,338] {dag.py:2935} INFO - Setting next_dagrun for ETL to 2022-05-02T21:00:00+00:00
[2022-05-02 23:05:32,365] {processor.py:171} INFO - Processing /opt/airflow/dags/ETL.py took 2.172 seconds
[2022-05-02 23:06:33,027] {processor.py:163} INFO - Started process (PID=3233) to work on /opt/airflow/dags/ETL.py
[2022-05-02 23:06:33,032] {processor.py:642} INFO - Processing file /opt/airflow/dags/ETL.py for tasks to queue
[2022-05-02 23:06:33,035] {logging_mixin.py:109} INFO - [2022-05-02 23:06:33,035] {dagbag.py:500} INFO - Filling up the DagBag from /opt/airflow/dags/ETL.py
[2022-05-02 23:06:35,214] {logging_mixin.py:109} INFO - All modules were imported successfully
[2022-05-02 23:06:35,271] {processor.py:654} INFO - DAG(s) dict_keys(['ETL']) retrieved from /opt/airflow/dags/ETL.py
[2022-05-02 23:06:35,305] {logging_mixin.py:109} INFO - [2022-05-02 23:06:35,303] {dag.py:2396} INFO - Sync 1 DAGs
[2022-05-02 23:06:35,374] {logging_mixin.py:109} INFO - [2022-05-02 23:06:35,373] {dag.py:2935} INFO - Setting next_dagrun for ETL to 2022-05-02T21:00:00+00:00
[2022-05-02 23:06:35,397] {processor.py:171} INFO - Processing /opt/airflow/dags/ETL.py took 2.377 seconds
[2022-05-02 23:07:35,783] {processor.py:163} INFO - Started process (PID=3291) to work on /opt/airflow/dags/ETL.py
[2022-05-02 23:07:35,788] {processor.py:642} INFO - Processing file /opt/airflow/dags/ETL.py for tasks to queue
[2022-05-02 23:07:35,791] {logging_mixin.py:109} INFO - [2022-05-02 23:07:35,790] {dagbag.py:500} INFO - Filling up the DagBag from /opt/airflow/dags/ETL.py
[2022-05-02 23:07:37,789] {logging_mixin.py:109} INFO - All modules were imported successfully
[2022-05-02 23:07:37,836] {processor.py:654} INFO - DAG(s) dict_keys(['ETL']) retrieved from /opt/airflow/dags/ETL.py
[2022-05-02 23:07:37,870] {logging_mixin.py:109} INFO - [2022-05-02 23:07:37,868] {dag.py:2396} INFO - Sync 1 DAGs
[2022-05-02 23:07:37,945] {logging_mixin.py:109} INFO - [2022-05-02 23:07:37,944] {dag.py:2935} INFO - Setting next_dagrun for ETL to 2022-05-02T21:00:00+00:00
[2022-05-02 23:07:37,966] {processor.py:171} INFO - Processing /opt/airflow/dags/ETL.py took 2.191 seconds
[2022-05-02 23:08:38,606] {processor.py:163} INFO - Started process (PID=3349) to work on /opt/airflow/dags/ETL.py
[2022-05-02 23:08:38,612] {processor.py:642} INFO - Processing file /opt/airflow/dags/ETL.py for tasks to queue
[2022-05-02 23:08:38,615] {logging_mixin.py:109} INFO - [2022-05-02 23:08:38,615] {dagbag.py:500} INFO - Filling up the DagBag from /opt/airflow/dags/ETL.py
[2022-05-02 23:08:40,538] {logging_mixin.py:109} INFO - All modules were imported successfully
[2022-05-02 23:08:40,653] {processor.py:654} INFO - DAG(s) dict_keys(['ETL']) retrieved from /opt/airflow/dags/ETL.py
[2022-05-02 23:08:40,719] {logging_mixin.py:109} INFO - [2022-05-02 23:08:40,716] {dag.py:2396} INFO - Sync 1 DAGs
[2022-05-02 23:08:40,805] {logging_mixin.py:109} INFO - [2022-05-02 23:08:40,804] {dag.py:2935} INFO - Setting next_dagrun for ETL to 2022-05-02T21:00:00+00:00
[2022-05-02 23:08:40,845] {processor.py:171} INFO - Processing /opt/airflow/dags/ETL.py took 2.249 seconds
[2022-05-02 23:09:41,467] {processor.py:163} INFO - Started process (PID=3408) to work on /opt/airflow/dags/ETL.py
[2022-05-02 23:09:41,472] {processor.py:642} INFO - Processing file /opt/airflow/dags/ETL.py for tasks to queue
[2022-05-02 23:09:41,475] {logging_mixin.py:109} INFO - [2022-05-02 23:09:41,474] {dagbag.py:500} INFO - Filling up the DagBag from /opt/airflow/dags/ETL.py
[2022-05-02 23:09:43,748] {logging_mixin.py:109} INFO - All modules were imported successfully
[2022-05-02 23:09:43,811] {processor.py:654} INFO - DAG(s) dict_keys(['ETL']) retrieved from /opt/airflow/dags/ETL.py
[2022-05-02 23:09:43,855] {logging_mixin.py:109} INFO - [2022-05-02 23:09:43,849] {dag.py:2396} INFO - Sync 1 DAGs
[2022-05-02 23:09:43,944] {logging_mixin.py:109} INFO - [2022-05-02 23:09:43,944] {dag.py:2935} INFO - Setting next_dagrun for ETL to 2022-05-02T21:00:00+00:00
[2022-05-02 23:09:43,974] {processor.py:171} INFO - Processing /opt/airflow/dags/ETL.py took 2.516 seconds
