[2022-05-03 10:24:54,078] {taskinstance.py:1032} INFO - Dependencies all met for <TaskInstance: ETL.main scheduled__2022-05-03T06:00:00+00:00 [queued]>
[2022-05-03 10:24:54,125] {taskinstance.py:1032} INFO - Dependencies all met for <TaskInstance: ETL.main scheduled__2022-05-03T06:00:00+00:00 [queued]>
[2022-05-03 10:24:54,127] {taskinstance.py:1238} INFO - 
--------------------------------------------------------------------------------
[2022-05-03 10:24:54,129] {taskinstance.py:1239} INFO - Starting attempt 1 of 2
[2022-05-03 10:24:54,130] {taskinstance.py:1240} INFO - 
--------------------------------------------------------------------------------
[2022-05-03 10:24:54,178] {taskinstance.py:1259} INFO - Executing <Task(PythonOperator): main> on 2022-05-03 06:00:00+00:00
[2022-05-03 10:24:54,193] {standard_task_runner.py:52} INFO - Started process 373 to run task
[2022-05-03 10:24:54,204] {standard_task_runner.py:76} INFO - Running: ['***', 'tasks', 'run', 'ETL', 'main', 'scheduled__2022-05-03T06:00:00+00:00', '--job-id', '2', '--raw', '--subdir', 'DAGS_FOLDER/ETL.py', '--cfg-path', '/tmp/tmpsbg39g3k', '--error-file', '/tmp/tmpck05uqbv']
[2022-05-03 10:24:54,207] {standard_task_runner.py:77} INFO - Job 2: Subtask main
[2022-05-03 10:24:54,362] {logging_mixin.py:109} INFO - Running <TaskInstance: ETL.main scheduled__2022-05-03T06:00:00+00:00 [running]> on host 9e03668d0460
[2022-05-03 10:24:54,517] {taskinstance.py:1426} INFO - Exporting the following env vars:
AIRFLOW_CTX_DAG_OWNER=***
AIRFLOW_CTX_DAG_ID=ETL
AIRFLOW_CTX_TASK_ID=main
AIRFLOW_CTX_EXECUTION_DATE=2022-05-03T06:00:00+00:00
AIRFLOW_CTX_DAG_RUN_ID=scheduled__2022-05-03T06:00:00+00:00
[2022-05-03 10:24:55,324] {logging_mixin.py:109} INFO - ['BTC/USD', '2022-05-03 10:24:54', 38941.26]
[2022-05-03 10:24:55,331] {logging_mixin.py:109} INFO - 'etl' exists in the DB!
[2022-05-03 10:24:55,482] {logging_mixin.py:109} INFO - DATASET:
  currency_pair          created_on  current_rate
4       BTC/USD 2022-05-02 22:57:27      38958.00
5       BTC/USD 2022-05-02 23:01:30      38957.70
6       BTC/USD 2022-05-02 23:02:41      38957.70
7       BTC/USD 2022-05-02 23:54:22      38957.70
8       BTC/USD 2022-05-03 10:24:54      38941.26
[2022-05-03 10:24:55,489] {python.py:175} INFO - Done. Returned value was: None
[2022-05-03 10:24:55,534] {taskinstance.py:1277} INFO - Marking task as SUCCESS. dag_id=ETL, task_id=main, execution_date=20220503T060000, start_date=20220503T102454, end_date=20220503T102455
[2022-05-03 10:24:55,628] {local_task_job.py:154} INFO - Task exited with return code 0
[2022-05-03 10:24:55,713] {local_task_job.py:264} INFO - 0 downstream tasks scheduled from follow-on schedule check
